#
# There is insufficient memory for the Java Runtime Environment to continue.
# Native memory allocation (malloc) failed to allocate 926736 bytes for Chunk::new
# Possible reasons:
#   The system is out of physical RAM or swap space
#   The process is running with CompressedOops enabled, and the Java Heap may be blocking the growth of the native heap
# Possible solutions:
#   Reduce memory load on the system
#   Increase physical memory or swap space
#   Check if swap backing store is full
#   Decrease Java heap size (-Xmx/-Xms)
#   Decrease number of Java threads
#   Decrease Java thread stack sizes (-Xss)
#   Set larger code cache with -XX:ReservedCodeCacheSize=
#   JVM is running with Zero Based Compressed Oops mode in which the Java heap is
#     placed in the first 32GB address space. The Java Heap base address is the
#     maximum limit for the native heap growth. Please use -XX:HeapBaseMinAddress
#     to set the Java Heap base and to place the Java Heap above 32GB virtual address.
# This output file may be truncated or incomplete.
#
#  Out of Memory Error (./open/src/hotspot/share/memory/arena.cpp:197), pid=10256, tid=29636
#
# JRE version: Java(TM) SE Runtime Environment 18.9 (11.0.15+8) (build 11.0.15+8-LTS-149)
# Java VM: Java HotSpot(TM) 64-Bit Server VM 18.9 (11.0.15+8-LTS-149, mixed mode, tiered, compressed oops, g1 gc, windows-amd64)
# No core dump will be written. Minidumps are not enabled by default on client versions of Windows
#

---------------  S U M M A R Y ------------

Command Line: -Dfile.encoding=UTF-8 com.videogamescollections.lp.VideogamesCollectionApplication

Host: Intel(R) Core(TM) i7-4790K CPU @ 4.00GHz, 8 cores, 15G,  Windows 10 , 64 bit Build 19041 (10.0.19041.1806)
Time: Mon Jul 25 18:21:13 2022 ora legale Europa occidentale elapsed time: 4.296327 seconds (0d 0h 0m 4s)

---------------  T H R E A D  ---------------

Current thread (0x00000287d9cdb800):  JavaThread "C2 CompilerThread2" daemon [_thread_in_native, id=29636, stack(0x000000f8ef300000,0x000000f8ef400000)]


Current CompileTask:
C2:   4296 4249       4       java.net.URLStreamHandler::parseURL (1201 bytes)

Stack: [0x000000f8ef300000,0x000000f8ef400000]
Native frames: (J=compiled Java code, j=interpreted, Vv=VM code, C=native code)
V  [jvm.dll+0x629d8a]
V  [jvm.dll+0x7638ff]
V  [jvm.dll+0x764fa9]
V  [jvm.dll+0x765633]
V  [jvm.dll+0x23d9c8]
V  [jvm.dll+0xb2a1c]
V  [jvm.dll+0xb2fdc]
V  [jvm.dll+0x341002]
V  [jvm.dll+0x18cd11]
V  [jvm.dll+0x1f8672]
V  [jvm.dll+0x1f774d]
V  [jvm.dll+0x177c51]
V  [jvm.dll+0x207026]
V  [jvm.dll+0x2051bb]
V  [jvm.dll+0x729820]
V  [jvm.dll+0x7223f4]
V  [jvm.dll+0x628c26]
C  [ucrtbase.dll+0x21bb2]
C  [KERNEL32.DLL+0x17034]
C  [ntdll.dll+0x52651]


---------------  P R O C E S S  ---------------

Threads class SMR info:
_java_thread_list=0x00000287da79dae0, length=17, elements={
0x00000287b5e9e000, 0x00000287d8b7d000, 0x00000287d8b86800, 0x00000287d9488000,
0x00000287d9489000, 0x00000287d9489800, 0x00000287d9492000, 0x00000287d949b000,
0x00000287d94a3800, 0x00000287d960c800, 0x00000287d9692800, 0x00000287d9cdb800,
0x00000287dddc3800, 0x00000287dc1f8000, 0x00000287dfc4a800, 0x00000287e0d0f800,
0x00000287dda5f800
}

Java Threads: ( => current thread )
  0x00000287b5e9e000 JavaThread "main" [_thread_in_vm, id=2844, stack(0x000000f8ee100000,0x000000f8ee200000)]
  0x00000287d8b7d000 JavaThread "Reference Handler" daemon [_thread_blocked, id=46324, stack(0x000000f8ee800000,0x000000f8ee900000)]
  0x00000287d8b86800 JavaThread "Finalizer" daemon [_thread_blocked, id=17600, stack(0x000000f8ee900000,0x000000f8eea00000)]
  0x00000287d9488000 JavaThread "Signal Dispatcher" daemon [_thread_blocked, id=12992, stack(0x000000f8eea00000,0x000000f8eeb00000)]
  0x00000287d9489000 JavaThread "Attach Listener" daemon [_thread_blocked, id=27256, stack(0x000000f8eeb00000,0x000000f8eec00000)]
  0x00000287d9489800 JavaThread "Service Thread" daemon [_thread_blocked, id=16916, stack(0x000000f8eec00000,0x000000f8eed00000)]
  0x00000287d9492000 JavaThread "C2 CompilerThread0" daemon [_thread_in_native, id=16748, stack(0x000000f8eed00000,0x000000f8eee00000)]
  0x00000287d949b000 JavaThread "C1 CompilerThread0" daemon [_thread_blocked, id=35112, stack(0x000000f8eee00000,0x000000f8eef00000)]
  0x00000287d94a3800 JavaThread "Sweeper thread" daemon [_thread_blocked, id=46568, stack(0x000000f8eef00000,0x000000f8ef000000)]
  0x00000287d960c800 JavaThread "Common-Cleaner" daemon [_thread_blocked, id=16192, stack(0x000000f8ef100000,0x000000f8ef200000)]
  0x00000287d9692800 JavaThread "C2 CompilerThread1" daemon [_thread_in_native, id=2208, stack(0x000000f8ef200000,0x000000f8ef300000)]
=>0x00000287d9cdb800 JavaThread "C2 CompilerThread2" daemon [_thread_in_native, id=29636, stack(0x000000f8ef300000,0x000000f8ef400000)]
  0x00000287dddc3800 JavaThread "Catalina-utility-1" [_thread_blocked, id=36568, stack(0x000000f8ef900000,0x000000f8efa00000)]
  0x00000287dc1f8000 JavaThread "Catalina-utility-2" [_thread_blocked, id=9956, stack(0x000000f8efb00000,0x000000f8efc00000)]
  0x00000287dfc4a800 JavaThread "container-0" [_thread_blocked, id=12176, stack(0x000000f8efc00000,0x000000f8efd00000)]
  0x00000287e0d0f800 JavaThread "HikariPool-1 housekeeper" daemon [_thread_blocked, id=20360, stack(0x000000f8efe00000,0x000000f8eff00000)]
  0x00000287dda5f800 JavaThread "HikariPool-1 connection adder" daemon [_thread_blocked, id=24464, stack(0x000000f8eff00000,0x000000f8f0000000)]

Other Threads:
  0x00000287d8b7a800 VMThread "VM Thread" [stack: 0x000000f8ee700000,0x000000f8ee800000] [id=39908]
  0x00000287d960d800 WatcherThread [stack: 0x000000f8ef000000,0x000000f8ef100000] [id=16180]
  0x00000287b5eb4800 GCTaskThread "GC Thread#0" [stack: 0x000000f8ee200000,0x000000f8ee300000] [id=2856]
  0x00000287da058000 GCTaskThread "GC Thread#1" [stack: 0x000000f8ef400000,0x000000f8ef500000] [id=33560]
  0x00000287da91b800 GCTaskThread "GC Thread#2" [stack: 0x000000f8ef500000,0x000000f8ef600000] [id=35168]
  0x00000287da27c800 GCTaskThread "GC Thread#3" [stack: 0x000000f8ef600000,0x000000f8ef700000] [id=47624]
  0x00000287da2bb800 GCTaskThread "GC Thread#4" [stack: 0x000000f8ef700000,0x000000f8ef800000] [id=43296]
  0x00000287da2bc800 GCTaskThread "GC Thread#5" [stack: 0x000000f8ef800000,0x000000f8ef900000] [id=30352]
  0x00000287b5f0d800 ConcurrentGCThread "G1 Main Marker" [stack: 0x000000f8ee300000,0x000000f8ee400000] [id=33072]
  0x00000287b5f0e800 ConcurrentGCThread "G1 Conc#0" [stack: 0x000000f8ee400000,0x000000f8ee500000] [id=38668]
  0x00000287daa9a800 ConcurrentGCThread "G1 Conc#1" [stack: 0x000000f8efa00000,0x000000f8efb00000] [id=11496]
  0x00000287d8a5f800 ConcurrentGCThread "G1 Refine#0" [stack: 0x000000f8ee500000,0x000000f8ee600000] [id=28488]
  0x00000287d8a62800 ConcurrentGCThread "G1 Young RemSet Sampling" [stack: 0x000000f8ee600000,0x000000f8ee700000] [id=25716]

Threads with active compile tasks:
C2 CompilerThread0   4326 4285       4       java.util.jar.JarFile::match (132 bytes)
C2 CompilerThread1   4326 4086   !   4       org.springframework.core.annotation.AnnotationsScanner::processClassHierarchy (227 bytes)
C2 CompilerThread2   4326 4249       4       java.net.URLStreamHandler::parseURL (1201 bytes)

VM state:not at safepoint (normal execution)

VM Mutex/Monitor currently owned by a thread: None

Heap address: 0x0000000700c00000, size: 4084 MB, Compressed Oops mode: Zero based, Oop shift amount: 3
Narrow klass base: 0x0000000800000000, Narrow klass shift: 0
Compressed class space size: 1073741824 Address: 0x0000000800000000

Heap:
 garbage-first heap   total 262144K, used 102654K [0x0000000700c00000, 0x0000000800000000)
  region size 1024K, 95 young (97280K), 9 survivors (9216K)
 Metaspace       used 46435K, capacity 47618K, committed 47744K, reserved 1091584K
  class space    used 5728K, capacity 6218K, committed 6272K, reserved 1048576K
Heap Regions: E=young(eden), S=young(survivor), O=old, HS=humongous(starts), HC=humongous(continues), CS=collection set, F=free, A=archive, TAMS=top-at-mark-start (previous, next)
|   0|0x0000000700c00000, 0x0000000700d00000, 0x0000000700d00000|100%|HS|  |TAMS 0x0000000700d00000, 0x0000000700c00000| Complete 
|   1|0x0000000700d00000, 0x0000000700e00000, 0x0000000700e00000|100%| O|  |TAMS 0x0000000700e00000, 0x0000000700d00000| Untracked 
|   2|0x0000000700e00000, 0x0000000700f00000, 0x0000000700f00000|100%| O|  |TAMS 0x0000000700f00000, 0x0000000700e00000| Untracked 
|   3|0x0000000700f00000, 0x0000000701000000, 0x0000000701000000|100%| O|  |TAMS 0x0000000701000000, 0x0000000700f00000| Untracked 
|   4|0x0000000701000000, 0x0000000701100000, 0x0000000701100000|100%| O|  |TAMS 0x0000000701100000, 0x0000000701000000| Untracked 
|   5|0x0000000701100000, 0x0000000701200000, 0x0000000701200000|100%| O|  |TAMS 0x0000000701200000, 0x0000000701100000| Untracked 
|   6|0x0000000701200000, 0x000000070129f800, 0x0000000701300000| 62%| O|  |TAMS 0x000000070129f800, 0x0000000701200000| Untracked 
|   7|0x0000000701300000, 0x0000000701300000, 0x0000000701400000|  0%| F|  |TAMS 0x0000000701300000, 0x0000000701300000| Untracked 
|   8|0x0000000701400000, 0x0000000701400000, 0x0000000701500000|  0%| F|  |TAMS 0x0000000701400000, 0x0000000701400000| Untracked 
|   9|0x0000000701500000, 0x0000000701500000, 0x0000000701600000|  0%| F|  |TAMS 0x0000000701500000, 0x0000000701500000| Untracked 
|  10|0x0000000701600000, 0x0000000701600000, 0x0000000701700000|  0%| F|  |TAMS 0x0000000701600000, 0x0000000701600000| Untracked 
|  11|0x0000000701700000, 0x0000000701700000, 0x0000000701800000|  0%| F|  |TAMS 0x0000000701700000, 0x0000000701700000| Untracked 
|  12|0x0000000701800000, 0x0000000701800000, 0x0000000701900000|  0%| F|  |TAMS 0x0000000701800000, 0x0000000701800000| Untracked 
|  13|0x0000000701900000, 0x0000000701900000, 0x0000000701a00000|  0%| F|  |TAMS 0x0000000701900000, 0x0000000701900000| Untracked 
|  14|0x0000000701a00000, 0x0000000701a00000, 0x0000000701b00000|  0%| F|  |TAMS 0x0000000701a00000, 0x0000000701a00000| Untracked 
|  15|0x0000000701b00000, 0x0000000701b00000, 0x0000000701c00000|  0%| F|  |TAMS 0x0000000701b00000, 0x0000000701b00000| Untracked 
|  16|0x0000000701c00000, 0x0000000701c00000, 0x0000000701d00000|  0%| F|  |TAMS 0x0000000701c00000, 0x0000000701c00000| Untracked 
|  17|0x0000000701d00000, 0x0000000701d00000, 0x0000000701e00000|  0%| F|  |TAMS 0x0000000701d00000, 0x0000000701d00000| Untracked 
|  18|0x0000000701e00000, 0x0000000701e00000, 0x0000000701f00000|  0%| F|  |TAMS 0x0000000701e00000, 0x0000000701e00000| Untracked 
|  19|0x0000000701f00000, 0x0000000701f00000, 0x0000000702000000|  0%| F|  |TAMS 0x0000000701f00000, 0x0000000701f00000| Untracked 
|  20|0x0000000702000000, 0x0000000702000000, 0x0000000702100000|  0%| F|  |TAMS 0x0000000702000000, 0x0000000702000000| Untracked 
|  21|0x0000000702100000, 0x0000000702100000, 0x0000000702200000|  0%| F|  |TAMS 0x0000000702100000, 0x0000000702100000| Untracked 
|  22|0x0000000702200000, 0x0000000702200000, 0x0000000702300000|  0%| F|  |TAMS 0x0000000702200000, 0x0000000702200000| Untracked 
|  23|0x0000000702300000, 0x0000000702300000, 0x0000000702400000|  0%| F|  |TAMS 0x0000000702300000, 0x0000000702300000| Untracked 
|  24|0x0000000702400000, 0x0000000702400000, 0x0000000702500000|  0%| F|  |TAMS 0x0000000702400000, 0x0000000702400000| Untracked 
|  25|0x0000000702500000, 0x0000000702500000, 0x0000000702600000|  0%| F|  |TAMS 0x0000000702500000, 0x0000000702500000| Untracked 
|  26|0x0000000702600000, 0x0000000702600000, 0x0000000702700000|  0%| F|  |TAMS 0x0000000702600000, 0x0000000702600000| Untracked 
|  27|0x0000000702700000, 0x0000000702700000, 0x0000000702800000|  0%| F|  |TAMS 0x0000000702700000, 0x0000000702700000| Untracked 
|  28|0x0000000702800000, 0x0000000702800000, 0x0000000702900000|  0%| F|  |TAMS 0x0000000702800000, 0x0000000702800000| Untracked 
|  29|0x0000000702900000, 0x0000000702900000, 0x0000000702a00000|  0%| F|  |TAMS 0x0000000702900000, 0x0000000702900000| Untracked 
|  30|0x0000000702a00000, 0x0000000702a00000, 0x0000000702b00000|  0%| F|  |TAMS 0x0000000702a00000, 0x0000000702a00000| Untracked 
|  31|0x0000000702b00000, 0x0000000702b00000, 0x0000000702c00000|  0%| F|  |TAMS 0x0000000702b00000, 0x0000000702b00000| Untracked 
|  32|0x0000000702c00000, 0x0000000702c00000, 0x0000000702d00000|  0%| F|  |TAMS 0x0000000702c00000, 0x0000000702c00000| Untracked 
|  33|0x0000000702d00000, 0x0000000702d00000, 0x0000000702e00000|  0%| F|  |TAMS 0x0000000702d00000, 0x0000000702d00000| Untracked 
|  34|0x0000000702e00000, 0x0000000702e00000, 0x0000000702f00000|  0%| F|  |TAMS 0x0000000702e00000, 0x0000000702e00000| Untracked 
|  35|0x0000000702f00000, 0x0000000702f00000, 0x0000000703000000|  0%| F|  |TAMS 0x0000000702f00000, 0x0000000702f00000| Untracked 
|  36|0x0000000703000000, 0x0000000703000000, 0x0000000703100000|  0%| F|  |TAMS 0x0000000703000000, 0x0000000703000000| Untracked 
|  37|0x0000000703100000, 0x0000000703100000, 0x0000000703200000|  0%| F|  |TAMS 0x0000000703100000, 0x0000000703100000| Untracked 
|  38|0x0000000703200000, 0x0000000703200000, 0x0000000703300000|  0%| F|  |TAMS 0x0000000703200000, 0x0000000703200000| Untracked 
|  39|0x0000000703300000, 0x0000000703300000, 0x0000000703400000|  0%| F|  |TAMS 0x0000000703300000, 0x0000000703300000| Untracked 
|  40|0x0000000703400000, 0x0000000703400000, 0x0000000703500000|  0%| F|  |TAMS 0x0000000703400000, 0x0000000703400000| Untracked 
|  41|0x0000000703500000, 0x0000000703500000, 0x0000000703600000|  0%| F|  |TAMS 0x0000000703500000, 0x0000000703500000| Untracked 
|  42|0x0000000703600000, 0x0000000703600000, 0x0000000703700000|  0%| F|  |TAMS 0x0000000703600000, 0x0000000703600000| Untracked 
|  43|0x0000000703700000, 0x0000000703700000, 0x0000000703800000|  0%| F|  |TAMS 0x0000000703700000, 0x0000000703700000| Untracked 
|  44|0x0000000703800000, 0x0000000703800000, 0x0000000703900000|  0%| F|  |TAMS 0x0000000703800000, 0x0000000703800000| Untracked 
|  45|0x0000000703900000, 0x0000000703900000, 0x0000000703a00000|  0%| F|  |TAMS 0x0000000703900000, 0x0000000703900000| Untracked 
|  46|0x0000000703a00000, 0x0000000703a00000, 0x0000000703b00000|  0%| F|  |TAMS 0x0000000703a00000, 0x0000000703a00000| Untracked 
|  47|0x0000000703b00000, 0x0000000703b00000, 0x0000000703c00000|  0%| F|  |TAMS 0x0000000703b00000, 0x0000000703b00000| Untracked 
|  48|0x0000000703c00000, 0x0000000703c00000, 0x0000000703d00000|  0%| F|  |TAMS 0x0000000703c00000, 0x0000000703c00000| Untracked 
|  49|0x0000000703d00000, 0x0000000703d00000, 0x0000000703e00000|  0%| F|  |TAMS 0x0000000703d00000, 0x0000000703d00000| Untracked 
|  50|0x0000000703e00000, 0x0000000703e00000, 0x0000000703f00000|  0%| F|  |TAMS 0x0000000703e00000, 0x0000000703e00000| Untracked 
|  51|0x0000000703f00000, 0x0000000703f00000, 0x0000000704000000|  0%| F|  |TAMS 0x0000000703f00000, 0x0000000703f00000| Untracked 
|  52|0x0000000704000000, 0x0000000704000000, 0x0000000704100000|  0%| F|  |TAMS 0x0000000704000000, 0x0000000704000000| Untracked 
|  53|0x0000000704100000, 0x0000000704100000, 0x0000000704200000|  0%| F|  |TAMS 0x0000000704100000, 0x0000000704100000| Untracked 
|  54|0x0000000704200000, 0x0000000704200000, 0x0000000704300000|  0%| F|  |TAMS 0x0000000704200000, 0x0000000704200000| Untracked 
|  55|0x0000000704300000, 0x0000000704300000, 0x0000000704400000|  0%| F|  |TAMS 0x0000000704300000, 0x0000000704300000| Untracked 
|  56|0x0000000704400000, 0x0000000704400000, 0x0000000704500000|  0%| F|  |TAMS 0x0000000704400000, 0x0000000704400000| Untracked 
|  57|0x0000000704500000, 0x0000000704500000, 0x0000000704600000|  0%| F|  |TAMS 0x0000000704500000, 0x0000000704500000| Untracked 
|  58|0x0000000704600000, 0x0000000704600000, 0x0000000704700000|  0%| F|  |TAMS 0x0000000704600000, 0x0000000704600000| Untracked 
|  59|0x0000000704700000, 0x0000000704700000, 0x0000000704800000|  0%| F|  |TAMS 0x0000000704700000, 0x0000000704700000| Untracked 
|  60|0x0000000704800000, 0x0000000704800000, 0x0000000704900000|  0%| F|  |TAMS 0x0000000704800000, 0x0000000704800000| Untracked 
|  61|0x0000000704900000, 0x0000000704900000, 0x0000000704a00000|  0%| F|  |TAMS 0x0000000704900000, 0x0000000704900000| Untracked 
|  62|0x0000000704a00000, 0x0000000704a00000, 0x0000000704b00000|  0%| F|  |TAMS 0x0000000704a00000, 0x0000000704a00000| Untracked 
|  63|0x0000000704b00000, 0x0000000704b00000, 0x0000000704c00000|  0%| F|  |TAMS 0x0000000704b00000, 0x0000000704b00000| Untracked 
|  64|0x0000000704c00000, 0x0000000704c00000, 0x0000000704d00000|  0%| F|  |TAMS 0x0000000704c00000, 0x0000000704c00000| Untracked 
|  65|0x0000000704d00000, 0x0000000704d00000, 0x0000000704e00000|  0%| F|  |TAMS 0x0000000704d00000, 0x0000000704d00000| Untracked 
|  66|0x0000000704e00000, 0x0000000704e00000, 0x0000000704f00000|  0%| F|  |TAMS 0x0000000704e00000, 0x0000000704e00000| Untracked 
|  67|0x0000000704f00000, 0x0000000704f00000, 0x0000000705000000|  0%| F|  |TAMS 0x0000000704f00000, 0x0000000704f00000| Untracked 
|  68|0x0000000705000000, 0x0000000705000000, 0x0000000705100000|  0%| F|  |TAMS 0x0000000705000000, 0x0000000705000000| Untracked 
|  69|0x0000000705100000, 0x0000000705100000, 0x0000000705200000|  0%| F|  |TAMS 0x0000000705100000, 0x0000000705100000| Untracked 
|  70|0x0000000705200000, 0x0000000705200000, 0x0000000705300000|  0%| F|  |TAMS 0x0000000705200000, 0x0000000705200000| Untracked 
|  71|0x0000000705300000, 0x0000000705300000, 0x0000000705400000|  0%| F|  |TAMS 0x0000000705300000, 0x0000000705300000| Untracked 
|  72|0x0000000705400000, 0x0000000705400000, 0x0000000705500000|  0%| F|  |TAMS 0x0000000705400000, 0x0000000705400000| Untracked 
|  73|0x0000000705500000, 0x0000000705500000, 0x0000000705600000|  0%| F|  |TAMS 0x0000000705500000, 0x0000000705500000| Untracked 
|  74|0x0000000705600000, 0x0000000705600000, 0x0000000705700000|  0%| F|  |TAMS 0x0000000705600000, 0x0000000705600000| Untracked 
|  75|0x0000000705700000, 0x0000000705700000, 0x0000000705800000|  0%| F|  |TAMS 0x0000000705700000, 0x0000000705700000| Untracked 
|  76|0x0000000705800000, 0x0000000705800000, 0x0000000705900000|  0%| F|  |TAMS 0x0000000705800000, 0x0000000705800000| Untracked 
|  77|0x0000000705900000, 0x0000000705900000, 0x0000000705a00000|  0%| F|  |TAMS 0x0000000705900000, 0x0000000705900000| Untracked 
|  78|0x0000000705a00000, 0x0000000705a00000, 0x0000000705b00000|  0%| F|  |TAMS 0x0000000705a00000, 0x0000000705a00000| Untracked 
|  79|0x0000000705b00000, 0x0000000705b00000, 0x0000000705c00000|  0%| F|  |TAMS 0x0000000705b00000, 0x0000000705b00000| Untracked 
|  80|0x0000000705c00000, 0x0000000705c00000, 0x0000000705d00000|  0%| F|  |TAMS 0x0000000705c00000, 0x0000000705c00000| Untracked 
|  81|0x0000000705d00000, 0x0000000705d00000, 0x0000000705e00000|  0%| F|  |TAMS 0x0000000705d00000, 0x0000000705d00000| Untracked 
|  82|0x0000000705e00000, 0x0000000705e00000, 0x0000000705f00000|  0%| F|  |TAMS 0x0000000705e00000, 0x0000000705e00000| Untracked 
|  83|0x0000000705f00000, 0x0000000705f00000, 0x0000000706000000|  0%| F|  |TAMS 0x0000000705f00000, 0x0000000705f00000| Untracked 
|  84|0x0000000706000000, 0x0000000706000000, 0x0000000706100000|  0%| F|  |TAMS 0x0000000706000000, 0x0000000706000000| Untracked 
|  85|0x0000000706100000, 0x0000000706100000, 0x0000000706200000|  0%| F|  |TAMS 0x0000000706100000, 0x0000000706100000| Untracked 
|  86|0x0000000706200000, 0x0000000706200000, 0x0000000706300000|  0%| F|  |TAMS 0x0000000706200000, 0x0000000706200000| Untracked 
|  87|0x0000000706300000, 0x0000000706300000, 0x0000000706400000|  0%| F|  |TAMS 0x0000000706300000, 0x0000000706300000| Untracked 
|  88|0x0000000706400000, 0x0000000706400000, 0x0000000706500000|  0%| F|  |TAMS 0x0000000706400000, 0x0000000706400000| Untracked 
|  89|0x0000000706500000, 0x0000000706500000, 0x0000000706600000|  0%| F|  |TAMS 0x0000000706500000, 0x0000000706500000| Untracked 
|  90|0x0000000706600000, 0x0000000706600000, 0x0000000706700000|  0%| F|  |TAMS 0x0000000706600000, 0x0000000706600000| Untracked 
|  91|0x0000000706700000, 0x0000000706700000, 0x0000000706800000|  0%| F|  |TAMS 0x0000000706700000, 0x0000000706700000| Untracked 
|  92|0x0000000706800000, 0x0000000706800000, 0x0000000706900000|  0%| F|  |TAMS 0x0000000706800000, 0x0000000706800000| Untracked 
|  93|0x0000000706900000, 0x0000000706900000, 0x0000000706a00000|  0%| F|  |TAMS 0x0000000706900000, 0x0000000706900000| Untracked 
|  94|0x0000000706a00000, 0x0000000706a00000, 0x0000000706b00000|  0%| F|  |TAMS 0x0000000706a00000, 0x0000000706a00000| Untracked 
|  95|0x0000000706b00000, 0x0000000706b00000, 0x0000000706c00000|  0%| F|  |TAMS 0x0000000706b00000, 0x0000000706b00000| Untracked 
|  96|0x0000000706c00000, 0x0000000706c00000, 0x0000000706d00000|  0%| F|  |TAMS 0x0000000706c00000, 0x0000000706c00000| Untracked 
|  97|0x0000000706d00000, 0x0000000706d00000, 0x0000000706e00000|  0%| F|  |TAMS 0x0000000706d00000, 0x0000000706d00000| Untracked 
|  98|0x0000000706e00000, 0x0000000706e00000, 0x0000000706f00000|  0%| F|  |TAMS 0x0000000706e00000, 0x0000000706e00000| Untracked 
|  99|0x0000000706f00000, 0x0000000706f00000, 0x0000000707000000|  0%| F|  |TAMS 0x0000000706f00000, 0x0000000706f00000| Untracked 
| 100|0x0000000707000000, 0x0000000707000000, 0x0000000707100000|  0%| F|  |TAMS 0x0000000707000000, 0x0000000707000000| Untracked 
| 101|0x0000000707100000, 0x0000000707100000, 0x0000000707200000|  0%| F|  |TAMS 0x0000000707100000, 0x0000000707100000| Untracked 
| 102|0x0000000707200000, 0x0000000707200000, 0x0000000707300000|  0%| F|  |TAMS 0x0000000707200000, 0x0000000707200000| Untracked 
| 103|0x0000000707300000, 0x0000000707300000, 0x0000000707400000|  0%| F|  |TAMS 0x0000000707300000, 0x0000000707300000| Untracked 
| 104|0x0000000707400000, 0x0000000707400000, 0x0000000707500000|  0%| F|  |TAMS 0x0000000707400000, 0x0000000707400000| Untracked 
| 105|0x0000000707500000, 0x0000000707500000, 0x0000000707600000|  0%| F|  |TAMS 0x0000000707500000, 0x0000000707500000| Untracked 
| 106|0x0000000707600000, 0x0000000707600000, 0x0000000707700000|  0%| F|  |TAMS 0x0000000707600000, 0x0000000707600000| Untracked 
| 107|0x0000000707700000, 0x0000000707700000, 0x0000000707800000|  0%| F|  |TAMS 0x0000000707700000, 0x0000000707700000| Untracked 
| 108|0x0000000707800000, 0x0000000707800000, 0x0000000707900000|  0%| F|  |TAMS 0x0000000707800000, 0x0000000707800000| Untracked 
| 109|0x0000000707900000, 0x0000000707900000, 0x0000000707a00000|  0%| F|  |TAMS 0x0000000707900000, 0x0000000707900000| Untracked 
| 110|0x0000000707a00000, 0x0000000707a00000, 0x0000000707b00000|  0%| F|  |TAMS 0x0000000707a00000, 0x0000000707a00000| Untracked 
| 111|0x0000000707b00000, 0x0000000707b00000, 0x0000000707c00000|  0%| F|  |TAMS 0x0000000707b00000, 0x0000000707b00000| Untracked 
| 112|0x0000000707c00000, 0x0000000707c00000, 0x0000000707d00000|  0%| F|  |TAMS 0x0000000707c00000, 0x0000000707c00000| Untracked 
| 113|0x0000000707d00000, 0x0000000707d00000, 0x0000000707e00000|  0%| F|  |TAMS 0x0000000707d00000, 0x0000000707d00000| Untracked 
| 114|0x0000000707e00000, 0x0000000707e00000, 0x0000000707f00000|  0%| F|  |TAMS 0x0000000707e00000, 0x0000000707e00000| Untracked 
| 115|0x0000000707f00000, 0x0000000707f00000, 0x0000000708000000|  0%| F|  |TAMS 0x0000000707f00000, 0x0000000707f00000| Untracked 
| 116|0x0000000708000000, 0x0000000708000000, 0x0000000708100000|  0%| F|  |TAMS 0x0000000708000000, 0x0000000708000000| Untracked 
| 117|0x0000000708100000, 0x0000000708100000, 0x0000000708200000|  0%| F|  |TAMS 0x0000000708100000, 0x0000000708100000| Untracked 
| 118|0x0000000708200000, 0x0000000708200000, 0x0000000708300000|  0%| F|  |TAMS 0x0000000708200000, 0x0000000708200000| Untracked 
| 119|0x0000000708300000, 0x0000000708300000, 0x0000000708400000|  0%| F|  |TAMS 0x0000000708300000, 0x0000000708300000| Untracked 
| 120|0x0000000708400000, 0x0000000708400000, 0x0000000708500000|  0%| F|  |TAMS 0x0000000708400000, 0x0000000708400000| Untracked 
| 121|0x0000000708500000, 0x0000000708500000, 0x0000000708600000|  0%| F|  |TAMS 0x0000000708500000, 0x0000000708500000| Untracked 
| 122|0x0000000708600000, 0x0000000708600000, 0x0000000708700000|  0%| F|  |TAMS 0x0000000708600000, 0x0000000708600000| Untracked 
| 123|0x0000000708700000, 0x0000000708700000, 0x0000000708800000|  0%| F|  |TAMS 0x0000000708700000, 0x0000000708700000| Untracked 
| 124|0x0000000708800000, 0x0000000708800000, 0x0000000708900000|  0%| F|  |TAMS 0x0000000708800000, 0x0000000708800000| Untracked 
| 125|0x0000000708900000, 0x0000000708900000, 0x0000000708a00000|  0%| F|  |TAMS 0x0000000708900000, 0x0000000708900000| Untracked 
| 126|0x0000000708a00000, 0x0000000708a00000, 0x0000000708b00000|  0%| F|  |TAMS 0x0000000708a00000, 0x0000000708a00000| Untracked 
| 127|0x0000000708b00000, 0x0000000708b00000, 0x0000000708c00000|  0%| F|  |TAMS 0x0000000708b00000, 0x0000000708b00000| Untracked 
| 128|0x0000000708c00000, 0x0000000708c00000, 0x0000000708d00000|  0%| F|  |TAMS 0x0000000708c00000, 0x0000000708c00000| Untracked 
| 129|0x0000000708d00000, 0x0000000708d00000, 0x0000000708e00000|  0%| F|  |TAMS 0x0000000708d00000, 0x0000000708d00000| Untracked 
| 130|0x0000000708e00000, 0x0000000708e00000, 0x0000000708f00000|  0%| F|  |TAMS 0x0000000708e00000, 0x0000000708e00000| Untracked 
| 131|0x0000000708f00000, 0x0000000708f00000, 0x0000000709000000|  0%| F|  |TAMS 0x0000000708f00000, 0x0000000708f00000| Untracked 
| 132|0x0000000709000000, 0x0000000709000000, 0x0000000709100000|  0%| F|  |TAMS 0x0000000709000000, 0x0000000709000000| Untracked 
| 133|0x0000000709100000, 0x0000000709100000, 0x0000000709200000|  0%| F|  |TAMS 0x0000000709100000, 0x0000000709100000| Untracked 
| 134|0x0000000709200000, 0x0000000709200000, 0x0000000709300000|  0%| F|  |TAMS 0x0000000709200000, 0x0000000709200000| Untracked 
| 135|0x0000000709300000, 0x0000000709300000, 0x0000000709400000|  0%| F|  |TAMS 0x0000000709300000, 0x0000000709300000| Untracked 
| 136|0x0000000709400000, 0x0000000709400000, 0x0000000709500000|  0%| F|  |TAMS 0x0000000709400000, 0x0000000709400000| Untracked 
| 137|0x0000000709500000, 0x0000000709500000, 0x0000000709600000|  0%| F|  |TAMS 0x0000000709500000, 0x0000000709500000| Untracked 
| 138|0x0000000709600000, 0x0000000709600000, 0x0000000709700000|  0%| F|  |TAMS 0x0000000709600000, 0x0000000709600000| Untracked 
| 139|0x0000000709700000, 0x0000000709700000, 0x0000000709800000|  0%| F|  |TAMS 0x0000000709700000, 0x0000000709700000| Untracked 
| 140|0x0000000709800000, 0x0000000709800000, 0x0000000709900000|  0%| F|  |TAMS 0x0000000709800000, 0x0000000709800000| Untracked 
| 141|0x0000000709900000, 0x0000000709900000, 0x0000000709a00000|  0%| F|  |TAMS 0x0000000709900000, 0x0000000709900000| Untracked 
| 142|0x0000000709a00000, 0x0000000709a00000, 0x0000000709b00000|  0%| F|  |TAMS 0x0000000709a00000, 0x0000000709a00000| Untracked 
| 143|0x0000000709b00000, 0x0000000709b00000, 0x0000000709c00000|  0%| F|  |TAMS 0x0000000709b00000, 0x0000000709b00000| Untracked 
| 144|0x0000000709c00000, 0x0000000709c00000, 0x0000000709d00000|  0%| F|  |TAMS 0x0000000709c00000, 0x0000000709c00000| Untracked 
| 145|0x0000000709d00000, 0x0000000709d00000, 0x0000000709e00000|  0%| F|  |TAMS 0x0000000709d00000, 0x0000000709d00000| Untracked 
| 146|0x0000000709e00000, 0x0000000709e00000, 0x0000000709f00000|  0%| F|  |TAMS 0x0000000709e00000, 0x0000000709e00000| Untracked 
| 147|0x0000000709f00000, 0x0000000709f00000, 0x000000070a000000|  0%| F|  |TAMS 0x0000000709f00000, 0x0000000709f00000| Untracked 
| 148|0x000000070a000000, 0x000000070a000000, 0x000000070a100000|  0%| F|  |TAMS 0x000000070a000000, 0x000000070a000000| Untracked 
| 149|0x000000070a100000, 0x000000070a100000, 0x000000070a200000|  0%| F|  |TAMS 0x000000070a100000, 0x000000070a100000| Untracked 
| 150|0x000000070a200000, 0x000000070a200000, 0x000000070a300000|  0%| F|  |TAMS 0x000000070a200000, 0x000000070a200000| Untracked 
| 151|0x000000070a300000, 0x000000070a300000, 0x000000070a400000|  0%| F|  |TAMS 0x000000070a300000, 0x000000070a300000| Untracked 
| 152|0x000000070a400000, 0x000000070a400000, 0x000000070a500000|  0%| F|  |TAMS 0x000000070a400000, 0x000000070a400000| Untracked 
| 153|0x000000070a500000, 0x000000070a500000, 0x000000070a600000|  0%| F|  |TAMS 0x000000070a500000, 0x000000070a500000| Untracked 
| 154|0x000000070a600000, 0x000000070a600000, 0x000000070a700000|  0%| F|  |TAMS 0x000000070a600000, 0x000000070a600000| Untracked 
| 155|0x000000070a700000, 0x000000070a700000, 0x000000070a800000|  0%| F|  |TAMS 0x000000070a700000, 0x000000070a700000| Untracked 
| 156|0x000000070a800000, 0x000000070a800000, 0x000000070a900000|  0%| F|  |TAMS 0x000000070a800000, 0x000000070a800000| Untracked 
| 157|0x000000070a900000, 0x000000070a900000, 0x000000070aa00000|  0%| F|  |TAMS 0x000000070a900000, 0x000000070a900000| Untracked 
| 158|0x000000070aa00000, 0x000000070aa00000, 0x000000070ab00000|  0%| F|  |TAMS 0x000000070aa00000, 0x000000070aa00000| Untracked 
| 159|0x000000070ab00000, 0x000000070ab00000, 0x000000070ac00000|  0%| F|  |TAMS 0x000000070ab00000, 0x000000070ab00000| Untracked 
| 160|0x000000070ac00000, 0x000000070ac80800, 0x000000070ad00000| 50%| E|  |TAMS 0x000000070ac00000, 0x000000070ac00000| Complete 
| 161|0x000000070ad00000, 0x000000070ae00000, 0x000000070ae00000|100%| E|CS|TAMS 0x000000070ad00000, 0x000000070ad00000| Complete 
| 162|0x000000070ae00000, 0x000000070af00000, 0x000000070af00000|100%| E|CS|TAMS 0x000000070ae00000, 0x000000070ae00000| Complete 
| 163|0x000000070af00000, 0x000000070b000000, 0x000000070b000000|100%| E|CS|TAMS 0x000000070af00000, 0x000000070af00000| Complete 
| 164|0x000000070b000000, 0x000000070b100000, 0x000000070b100000|100%| E|CS|TAMS 0x000000070b000000, 0x000000070b000000| Complete 
| 165|0x000000070b100000, 0x000000070b200000, 0x000000070b200000|100%| E|CS|TAMS 0x000000070b100000, 0x000000070b100000| Complete 
| 166|0x000000070b200000, 0x000000070b300000, 0x000000070b300000|100%| E|CS|TAMS 0x000000070b200000, 0x000000070b200000| Complete 
| 167|0x000000070b300000, 0x000000070b400000, 0x000000070b400000|100%| E|CS|TAMS 0x000000070b300000, 0x000000070b300000| Complete 
| 168|0x000000070b400000, 0x000000070b500000, 0x000000070b500000|100%| E|CS|TAMS 0x000000070b400000, 0x000000070b400000| Complete 
| 169|0x000000070b500000, 0x000000070b600000, 0x000000070b600000|100%| E|CS|TAMS 0x000000070b500000, 0x000000070b500000| Complete 
| 170|0x000000070b600000, 0x000000070b700000, 0x000000070b700000|100%| E|CS|TAMS 0x000000070b600000, 0x000000070b600000| Complete 
| 171|0x000000070b700000, 0x000000070b800000, 0x000000070b800000|100%| E|CS|TAMS 0x000000070b700000, 0x000000070b700000| Complete 
| 172|0x000000070b800000, 0x000000070b900000, 0x000000070b900000|100%| E|CS|TAMS 0x000000070b800000, 0x000000070b800000| Complete 
| 173|0x000000070b900000, 0x000000070ba00000, 0x000000070ba00000|100%| E|CS|TAMS 0x000000070b900000, 0x000000070b900000| Complete 
| 174|0x000000070ba00000, 0x000000070bb00000, 0x000000070bb00000|100%| E|CS|TAMS 0x000000070ba00000, 0x000000070ba00000| Complete 
| 175|0x000000070bb00000, 0x000000070bc00000, 0x000000070bc00000|100%| E|CS|TAMS 0x000000070bb00000, 0x000000070bb00000| Complete 
| 176|0x000000070bc00000, 0x000000070bd00000, 0x000000070bd00000|100%| E|CS|TAMS 0x000000070bc00000, 0x000000070bc00000| Complete 
| 177|0x000000070bd00000, 0x000000070be00000, 0x000000070be00000|100%| E|CS|TAMS 0x000000070bd00000, 0x000000070bd00000| Complete 
| 178|0x000000070be00000, 0x000000070bf00000, 0x000000070bf00000|100%| E|CS|TAMS 0x000000070be00000, 0x000000070be00000| Complete 
| 179|0x000000070bf00000, 0x000000070c000000, 0x000000070c000000|100%| E|CS|TAMS 0x000000070bf00000, 0x000000070bf00000| Complete 
| 180|0x000000070c000000, 0x000000070c100000, 0x000000070c100000|100%| E|CS|TAMS 0x000000070c000000, 0x000000070c000000| Complete 
| 181|0x000000070c100000, 0x000000070c200000, 0x000000070c200000|100%| E|CS|TAMS 0x000000070c100000, 0x000000070c100000| Complete 
| 182|0x000000070c200000, 0x000000070c300000, 0x000000070c300000|100%| E|CS|TAMS 0x000000070c200000, 0x000000070c200000| Complete 
| 183|0x000000070c300000, 0x000000070c400000, 0x000000070c400000|100%| E|CS|TAMS 0x000000070c300000, 0x000000070c300000| Complete 
| 184|0x000000070c400000, 0x000000070c500000, 0x000000070c500000|100%| E|CS|TAMS 0x000000070c400000, 0x000000070c400000| Complete 
| 185|0x000000070c500000, 0x000000070c600000, 0x000000070c600000|100%| E|CS|TAMS 0x000000070c500000, 0x000000070c500000| Complete 
| 186|0x000000070c600000, 0x000000070c700000, 0x000000070c700000|100%| E|CS|TAMS 0x000000070c600000, 0x000000070c600000| Complete 
| 187|0x000000070c700000, 0x000000070c800000, 0x000000070c800000|100%| E|CS|TAMS 0x000000070c700000, 0x000000070c700000| Complete 
| 188|0x000000070c800000, 0x000000070c900000, 0x000000070c900000|100%| E|CS|TAMS 0x000000070c800000, 0x000000070c800000| Complete 
| 189|0x000000070c900000, 0x000000070ca00000, 0x000000070ca00000|100%| E|CS|TAMS 0x000000070c900000, 0x000000070c900000| Complete 
| 190|0x000000070ca00000, 0x000000070cb00000, 0x000000070cb00000|100%| E|CS|TAMS 0x000000070ca00000, 0x000000070ca00000| Complete 
| 191|0x000000070cb00000, 0x000000070cc00000, 0x000000070cc00000|100%| E|CS|TAMS 0x000000070cb00000, 0x000000070cb00000| Complete 
| 192|0x000000070cc00000, 0x000000070cd00000, 0x000000070cd00000|100%| E|CS|TAMS 0x000000070cc00000, 0x000000070cc00000| Complete 
| 193|0x000000070cd00000, 0x000000070ce00000, 0x000000070ce00000|100%| E|CS|TAMS 0x000000070cd00000, 0x000000070cd00000| Complete 
| 194|0x000000070ce00000, 0x000000070cf00000, 0x000000070cf00000|100%| E|CS|TAMS 0x000000070ce00000, 0x000000070ce00000| Complete 
| 195|0x000000070cf00000, 0x000000070d000000, 0x000000070d000000|100%| E|CS|TAMS 0x000000070cf00000, 0x000000070cf00000| Complete 
| 196|0x000000070d000000, 0x000000070d100000, 0x000000070d100000|100%| E|CS|TAMS 0x000000070d000000, 0x000000070d000000| Complete 
| 197|0x000000070d100000, 0x000000070d200000, 0x000000070d200000|100%| E|CS|TAMS 0x000000070d100000, 0x000000070d100000| Complete 
| 198|0x000000070d200000, 0x000000070d300000, 0x000000070d300000|100%| E|CS|TAMS 0x000000070d200000, 0x000000070d200000| Complete 
| 199|0x000000070d300000, 0x000000070d400000, 0x000000070d400000|100%| E|CS|TAMS 0x000000070d300000, 0x000000070d300000| Complete 
| 200|0x000000070d400000, 0x000000070d500000, 0x000000070d500000|100%| E|CS|TAMS 0x000000070d400000, 0x000000070d400000| Complete 
| 201|0x000000070d500000, 0x000000070d600000, 0x000000070d600000|100%| E|CS|TAMS 0x000000070d500000, 0x000000070d500000| Complete 
| 202|0x000000070d600000, 0x000000070d700000, 0x000000070d700000|100%| E|CS|TAMS 0x000000070d600000, 0x000000070d600000| Complete 
| 203|0x000000070d700000, 0x000000070d800000, 0x000000070d800000|100%| E|CS|TAMS 0x000000070d700000, 0x000000070d700000| Complete 
| 204|0x000000070d800000, 0x000000070d900000, 0x000000070d900000|100%| E|CS|TAMS 0x000000070d800000, 0x000000070d800000| Complete 
| 205|0x000000070d900000, 0x000000070da00000, 0x000000070da00000|100%| E|CS|TAMS 0x000000070d900000, 0x000000070d900000| Complete 
| 206|0x000000070da00000, 0x000000070db00000, 0x000000070db00000|100%| E|CS|TAMS 0x000000070da00000, 0x000000070da00000| Complete 
| 207|0x000000070db00000, 0x000000070dc00000, 0x000000070dc00000|100%| E|CS|TAMS 0x000000070db00000, 0x000000070db00000| Complete 
| 208|0x000000070dc00000, 0x000000070dd00000, 0x000000070dd00000|100%| E|CS|TAMS 0x000000070dc00000, 0x000000070dc00000| Complete 
| 209|0x000000070dd00000, 0x000000070de00000, 0x000000070de00000|100%| E|CS|TAMS 0x000000070dd00000, 0x000000070dd00000| Complete 
| 210|0x000000070de00000, 0x000000070df00000, 0x000000070df00000|100%| E|CS|TAMS 0x000000070de00000, 0x000000070de00000| Complete 
| 211|0x000000070df00000, 0x000000070e000000, 0x000000070e000000|100%| E|CS|TAMS 0x000000070df00000, 0x000000070df00000| Complete 
| 212|0x000000070e000000, 0x000000070e100000, 0x000000070e100000|100%| E|CS|TAMS 0x000000070e000000, 0x000000070e000000| Complete 
| 213|0x000000070e100000, 0x000000070e200000, 0x000000070e200000|100%| E|CS|TAMS 0x000000070e100000, 0x000000070e100000| Complete 
| 214|0x000000070e200000, 0x000000070e300000, 0x000000070e300000|100%| E|CS|TAMS 0x000000070e200000, 0x000000070e200000| Complete 
| 215|0x000000070e300000, 0x000000070e400000, 0x000000070e400000|100%| E|CS|TAMS 0x000000070e300000, 0x000000070e300000| Complete 
| 216|0x000000070e400000, 0x000000070e500000, 0x000000070e500000|100%| E|CS|TAMS 0x000000070e400000, 0x000000070e400000| Complete 
| 217|0x000000070e500000, 0x000000070e600000, 0x000000070e600000|100%| E|CS|TAMS 0x000000070e500000, 0x000000070e500000| Complete 
| 218|0x000000070e600000, 0x000000070e700000, 0x000000070e700000|100%| E|CS|TAMS 0x000000070e600000, 0x000000070e600000| Complete 
| 219|0x000000070e700000, 0x000000070e800000, 0x000000070e800000|100%| E|CS|TAMS 0x000000070e700000, 0x000000070e700000| Complete 
| 220|0x000000070e800000, 0x000000070e900000, 0x000000070e900000|100%| E|CS|TAMS 0x000000070e800000, 0x000000070e800000| Complete 
| 221|0x000000070e900000, 0x000000070ea00000, 0x000000070ea00000|100%| E|CS|TAMS 0x000000070e900000, 0x000000070e900000| Complete 
| 222|0x000000070ea00000, 0x000000070eb00000, 0x000000070eb00000|100%| E|CS|TAMS 0x000000070ea00000, 0x000000070ea00000| Complete 
| 223|0x000000070eb00000, 0x000000070ec00000, 0x000000070ec00000|100%| E|CS|TAMS 0x000000070eb00000, 0x000000070eb00000| Complete 
| 224|0x000000070ec00000, 0x000000070ed00000, 0x000000070ed00000|100%| E|CS|TAMS 0x000000070ec00000, 0x000000070ec00000| Complete 
| 225|0x000000070ed00000, 0x000000070ee00000, 0x000000070ee00000|100%| E|CS|TAMS 0x000000070ed00000, 0x000000070ed00000| Complete 
| 226|0x000000070ee00000, 0x000000070ef00000, 0x000000070ef00000|100%| E|CS|TAMS 0x000000070ee00000, 0x000000070ee00000| Complete 
| 227|0x000000070ef00000, 0x000000070efa0158, 0x000000070f000000| 62%| S|CS|TAMS 0x000000070ef00000, 0x000000070ef00000| Complete 
| 228|0x000000070f000000, 0x000000070f100000, 0x000000070f100000|100%| S|CS|TAMS 0x000000070f000000, 0x000000070f000000| Complete 
| 229|0x000000070f100000, 0x000000070f200000, 0x000000070f200000|100%| S|CS|TAMS 0x000000070f100000, 0x000000070f100000| Complete 
| 230|0x000000070f200000, 0x000000070f300000, 0x000000070f300000|100%| S|CS|TAMS 0x000000070f200000, 0x000000070f200000| Complete 
| 231|0x000000070f300000, 0x000000070f400000, 0x000000070f400000|100%| S|CS|TAMS 0x000000070f300000, 0x000000070f300000| Complete 
| 232|0x000000070f400000, 0x000000070f500000, 0x000000070f500000|100%| S|CS|TAMS 0x000000070f400000, 0x000000070f400000| Complete 
| 233|0x000000070f500000, 0x000000070f600000, 0x000000070f600000|100%| S|CS|TAMS 0x000000070f500000, 0x000000070f500000| Complete 
| 234|0x000000070f600000, 0x000000070f700000, 0x000000070f700000|100%| S|CS|TAMS 0x000000070f600000, 0x000000070f600000| Complete 
| 235|0x000000070f700000, 0x000000070f800000, 0x000000070f800000|100%| S|CS|TAMS 0x000000070f700000, 0x000000070f700000| Complete 
| 236|0x000000070f800000, 0x000000070f900000, 0x000000070f900000|100%| E|CS|TAMS 0x000000070f800000, 0x000000070f800000| Complete 
| 237|0x000000070f900000, 0x000000070fa00000, 0x000000070fa00000|100%| E|CS|TAMS 0x000000070f900000, 0x000000070f900000| Complete 
| 238|0x000000070fa00000, 0x000000070fb00000, 0x000000070fb00000|100%| E|CS|TAMS 0x000000070fa00000, 0x000000070fa00000| Complete 
| 239|0x000000070fb00000, 0x000000070fc00000, 0x000000070fc00000|100%| E|CS|TAMS 0x000000070fb00000, 0x000000070fb00000| Complete 
| 240|0x000000070fc00000, 0x000000070fd00000, 0x000000070fd00000|100%| E|CS|TAMS 0x000000070fc00000, 0x000000070fc00000| Complete 
| 241|0x000000070fd00000, 0x000000070fe00000, 0x000000070fe00000|100%| E|CS|TAMS 0x000000070fd00000, 0x000000070fd00000| Complete 
| 242|0x000000070fe00000, 0x000000070ff00000, 0x000000070ff00000|100%| E|CS|TAMS 0x000000070fe00000, 0x000000070fe00000| Complete 
| 243|0x000000070ff00000, 0x0000000710000000, 0x0000000710000000|100%| E|CS|TAMS 0x000000070ff00000, 0x000000070ff00000| Complete 
| 244|0x0000000710000000, 0x0000000710100000, 0x0000000710100000|100%| E|CS|TAMS 0x0000000710000000, 0x0000000710000000| Complete 
| 245|0x0000000710100000, 0x0000000710200000, 0x0000000710200000|100%| E|CS|TAMS 0x0000000710100000, 0x0000000710100000| Complete 
| 246|0x0000000710200000, 0x0000000710300000, 0x0000000710300000|100%| E|CS|TAMS 0x0000000710200000, 0x0000000710200000| Complete 
| 247|0x0000000710300000, 0x0000000710400000, 0x0000000710400000|100%| E|CS|TAMS 0x0000000710300000, 0x0000000710300000| Complete 
| 248|0x0000000710400000, 0x0000000710500000, 0x0000000710500000|100%| E|CS|TAMS 0x0000000710400000, 0x0000000710400000| Complete 
| 249|0x0000000710500000, 0x0000000710600000, 0x0000000710600000|100%| E|CS|TAMS 0x0000000710500000, 0x0000000710500000| Complete 
| 250|0x0000000710600000, 0x0000000710700000, 0x0000000710700000|100%| E|CS|TAMS 0x0000000710600000, 0x0000000710600000| Complete 
| 251|0x0000000710700000, 0x0000000710800000, 0x0000000710800000|100%| E|CS|TAMS 0x0000000710700000, 0x0000000710700000| Complete 
| 252|0x0000000710800000, 0x0000000710900000, 0x0000000710900000|100%| E|CS|TAMS 0x0000000710800000, 0x0000000710800000| Complete 
| 253|0x0000000710900000, 0x0000000710a00000, 0x0000000710a00000|100%| E|CS|TAMS 0x0000000710900000, 0x0000000710900000| Complete 
| 254|0x0000000710a00000, 0x0000000710b00000, 0x0000000710b00000|100%| E|CS|TAMS 0x0000000710a00000, 0x0000000710a00000| Complete 
| 255|0x0000000710b00000, 0x0000000710c00000, 0x0000000710c00000|100%| E|CS|TAMS 0x0000000710b00000, 0x0000000710b00000| Complete 

Card table byte_map: [0x00000287cd070000,0x00000287cd870000] _byte_map_base: 0x00000287c986a000

Marking Bits (Prev, Next): (CMBitMap*) 0x00000287b5efcaa8, (CMBitMap*) 0x00000287b5efcae0
 Prev Bits: [0x00000287ce070000, 0x00000287d2040000)
 Next Bits: [0x00000287d2040000, 0x00000287d6010000)

Polling page: 0x00000287b3e20000

Metaspace:

Usage:
  Non-class:     40.49 MB capacity,    39.82 MB ( 98%) used,   542.54 KB (  1%) free+waste,   142.38 KB ( <1%) overhead. 
      Class:      6.10 MB capacity,     5.62 MB ( 92%) used,   428.32 KB (  7%) free+waste,    69.44 KB (  1%) overhead. 
       Both:     46.60 MB capacity,    45.44 MB ( 98%) used,   970.86 KB (  2%) free+waste,   211.81 KB ( <1%) overhead. 

Virtual space:
  Non-class space:       42.00 MB reserved,      40.75 MB ( 97%) committed 
      Class space:        1.00 GB reserved,       6.13 MB ( <1%) committed 
             Both:        1.04 GB reserved,      46.88 MB (  4%) committed 

Chunk freelists:
   Non-Class:  1.00 KB
       Class:  2.75 KB
        Both:  3.75 KB

CodeHeap 'non-profiled nmethods': size=120000Kb used=2552Kb max_used=2552Kb free=117447Kb
 bounds [0x00000287c5010000, 0x00000287c5290000, 0x00000287cc540000]
CodeHeap 'profiled nmethods': size=120000Kb used=10335Kb max_used=10335Kb free=109664Kb
 bounds [0x00000287bdae0000, 0x00000287be500000, 0x00000287c5010000]
CodeHeap 'non-nmethods': size=5760Kb used=1166Kb max_used=1276Kb free=4593Kb
 bounds [0x00000287bd540000, 0x00000287bd7b0000, 0x00000287bdae0000]
 total_blobs=4768 nmethods=4277 adapters=401
 compilation: enabled
              stopped_count=0, restarted_count=0
 full_count=0

Compilation events (10 events):
Event: 4.249 Thread 0x00000287d949b000 4284       3       java.lang.Integer::equals (29 bytes)
Event: 4.249 Thread 0x00000287d949b000 nmethod 4284 0x00000287be4f2790 code [0x00000287be4f2940, 0x00000287be4f2d18]
Event: 4.249 Thread 0x00000287d949b000 4286   !   3       java.util.ServiceLoader$ProviderImpl::newInstance (134 bytes)
Event: 4.251 Thread 0x00000287d949b000 nmethod 4286 0x00000287be4f2e10 code [0x00000287be4f3180, 0x00000287be4f45b8]
Event: 4.283 Thread 0x00000287d949b000 4287   !   3       java.lang.Class::newInstance (160 bytes)
Event: 4.285 Thread 0x00000287d949b000 nmethod 4287 0x00000287be4f4d90 code [0x00000287be4f5160, 0x00000287be4f69e8]
Event: 4.287 Thread 0x00000287d949b000 4288       3       java.lang.StringBuilder::append (6 bytes)
Event: 4.287 Thread 0x00000287d949b000 nmethod 4288 0x00000287be4f7410 code [0x00000287be4f75c0, 0x00000287be4f7768]
Event: 4.287 Thread 0x00000287d949b000 4289       3       java.lang.ThreadLocal::set (30 bytes)
Event: 4.288 Thread 0x00000287d949b000 nmethod 4289 0x00000287be4f7810 code [0x00000287be4f79e0, 0x00000287be4f7d48]

GC Heap History (10 events):
Event: 0.684 GC heap before
{Heap before GC invocations=0 (full 0):
 garbage-first heap   total 262144K, used 24576K [0x0000000700c00000, 0x0000000800000000)
  region size 1024K, 24 young (24576K), 0 survivors (0K)
 Metaspace       used 11331K, capacity 11564K, committed 11776K, reserved 1060864K
  class space    used 1122K, capacity 1201K, committed 1280K, reserved 1048576K
}
Event: 0.687 GC heap after
{Heap after GC invocations=1 (full 0):
 garbage-first heap   total 262144K, used 6803K [0x0000000700c00000, 0x0000000800000000)
  region size 1024K, 3 young (3072K), 3 survivors (3072K)
 Metaspace       used 11331K, capacity 11564K, committed 11776K, reserved 1060864K
  class space    used 1122K, capacity 1201K, committed 1280K, reserved 1048576K
}
Event: 1.188 GC heap before
{Heap before GC invocations=1 (full 0):
 garbage-first heap   total 262144K, used 64147K [0x0000000700c00000, 0x0000000800000000)
  region size 1024K, 60 young (61440K), 3 survivors (3072K)
 Metaspace       used 20594K, capacity 21041K, committed 21248K, reserved 1069056K
  class space    used 2373K, capacity 2545K, committed 2560K, reserved 1048576K
}
Event: 1.194 GC heap after
{Heap after GC invocations=2 (full 0):
 garbage-first heap   total 262144K, used 9393K [0x0000000700c00000, 0x0000000800000000)
  region size 1024K, 6 young (6144K), 6 survivors (6144K)
 Metaspace       used 20594K, capacity 21041K, committed 21248K, reserved 1069056K
  class space    used 2373K, capacity 2545K, committed 2560K, reserved 1048576K
}
Event: 1.632 GC heap before
{Heap before GC invocations=3 (full 0):
 garbage-first heap   total 262144K, used 69809K [0x0000000700c00000, 0x0000000800000000)
  region size 1024K, 66 young (67584K), 6 survivors (6144K)
 Metaspace       used 28037K, capacity 28714K, committed 28928K, reserved 1075200K
  class space    used 3295K, capacity 3554K, committed 3584K, reserved 1048576K
}
Event: 1.638 GC heap after
{Heap after GC invocations=4 (full 0):
 garbage-first heap   total 262144K, used 11814K [0x0000000700c00000, 0x0000000800000000)
  region size 1024K, 5 young (5120K), 5 survivors (5120K)
 Metaspace       used 28037K, capacity 28714K, committed 28928K, reserved 1075200K
  class space    used 3295K, capacity 3554K, committed 3584K, reserved 1048576K
}
Event: 2.562 GC heap before
{Heap before GC invocations=4 (full 0):
 garbage-first heap   total 262144K, used 98854K [0x0000000700c00000, 0x0000000800000000)
  region size 1024K, 90 young (92160K), 5 survivors (5120K)
 Metaspace       used 32280K, capacity 33029K, committed 33152K, reserved 1079296K
  class space    used 3826K, capacity 4153K, committed 4224K, reserved 1048576K
}
Event: 2.568 GC heap after
{Heap after GC invocations=5 (full 0):
 garbage-first heap   total 262144K, used 14388K [0x0000000700c00000, 0x0000000800000000)
  region size 1024K, 8 young (8192K), 8 survivors (8192K)
 Metaspace       used 32280K, capacity 33029K, committed 33152K, reserved 1079296K
  class space    used 3826K, capacity 4153K, committed 4224K, reserved 1048576K
}
Event: 2.860 GC heap before
{Heap before GC invocations=5 (full 0):
 garbage-first heap   total 262144K, used 33844K [0x0000000700c00000, 0x0000000800000000)
  region size 1024K, 28 young (28672K), 8 survivors (8192K)
 Metaspace       used 34679K, capacity 35517K, committed 35628K, reserved 1081344K
  class space    used 4146K, capacity 4456K, committed 4480K, reserved 1048576K
}
Event: 2.867 GC heap after
{Heap after GC invocations=6 (full 0):
 garbage-first heap   total 262144K, used 15614K [0x0000000700c00000, 0x0000000800000000)
  region size 1024K, 9 young (9216K), 9 survivors (9216K)
 Metaspace       used 34679K, capacity 35517K, committed 35628K, reserved 1081344K
  class space    used 4146K, capacity 4456K, committed 4480K, reserved 1048576K
}

Deoptimization events (10 events):
Event: 3.588 Thread 0x00000287b5e9e000 Uncommon trap: reason=unstable_if action=reinterpret pc=0x00000287c50a4d9c method=java.lang.StringLatin1.lastIndexOf([BI[BII)I @ 86 c2
Event: 3.619 Thread 0x00000287b5e9e000 Uncommon trap: reason=class_check action=maybe_recompile pc=0x00000287c5181158 method=org.springframework.core.ResolvableType.resolveType()Lorg/springframework/core/ResolvableType; @ 101 c2
Event: 3.649 Thread 0x00000287b5e9e000 Uncommon trap: reason=unstable_if action=reinterpret pc=0x00000287c50a3620 method=java.lang.Integer.stringSize(I)I @ 3 c2
Event: 3.709 Thread 0x00000287b5e9e000 Uncommon trap: reason=profile_predicate action=maybe_recompile pc=0x00000287c524351c method=java.lang.PublicMethods$MethodList.filter([Ljava/lang/reflect/Method;Ljava/lang/String;[Ljava/lang/Class;Z)Ljava/lang/PublicMethods$MethodList; @ 21 c2
Event: 3.722 Thread 0x00000287b5e9e000 Uncommon trap: reason=profile_predicate action=maybe_recompile pc=0x00000287c524351c method=java.lang.PublicMethods$MethodList.filter([Ljava/lang/reflect/Method;Ljava/lang/String;[Ljava/lang/Class;Z)Ljava/lang/PublicMethods$MethodList; @ 21 c2
Event: 3.722 Thread 0x00000287b5e9e000 Uncommon trap: reason=profile_predicate action=maybe_recompile pc=0x00000287c524351c method=java.lang.PublicMethods$MethodList.filter([Ljava/lang/reflect/Method;Ljava/lang/String;[Ljava/lang/Class;Z)Ljava/lang/PublicMethods$MethodList; @ 21 c2
Event: 3.722 Thread 0x00000287b5e9e000 Uncommon trap: reason=profile_predicate action=maybe_recompile pc=0x00000287c524351c method=java.lang.PublicMethods$MethodList.filter([Ljava/lang/reflect/Method;Ljava/lang/String;[Ljava/lang/Class;Z)Ljava/lang/PublicMethods$MethodList; @ 21 c2
Event: 3.873 Thread 0x00000287b5e9e000 Uncommon trap: reason=unstable_if action=reinterpret pc=0x00000287c523a2c8 method=java.net.URI.match(CJJ)Z @ 19 c2
Event: 3.941 Thread 0x00000287b5e9e000 Uncommon trap: reason=null_check action=make_not_entrant pc=0x00000287c518d41c method=org.springframework.beans.factory.support.DefaultListableBeanFactory.getBeanDefinition(Ljava/lang/String;)Lorg/springframework/beans/factory/config/BeanDefinition; @ 10 
Event: 3.959 Thread 0x00000287b5e9e000 Uncommon trap: reason=unstable_if action=reinterpret pc=0x00000287c524b4c4 method=java.net.URL.<init>(Ljava/net/URL;Ljava/lang/String;Ljava/net/URLStreamHandler;)V @ 57 c2

Classes redefined (0 events):
No events

Internal exceptions (10 events):
Event: 3.209 Thread 0x00000287b5e9e000 Exception <a 'java/lang/NoSuchMethodError'{0x000000070f8c5fe8}: java.lang.invoke.DirectMethodHandle$Holder.invokeStaticInit(Ljava/lang/Object;IIII)Ljava/lang/Object;> (0x000000070f8c5fe8) thrown at [./open/src/hotspot/share/interpreter/linkResolver.cpp, l
Event: 3.295 Thread 0x00000287b5e9e000 Exception <a 'java/lang/NoSuchMethodError'{0x000000070ee66630}: java.lang.invoke.DirectMethodHandle$Holder.invokeStaticInit(Ljava/lang/Object;Ljava/lang/Object;IIII)Ljava/lang/Object;> (0x000000070ee66630) thrown at [./open/src/hotspot/share/interpreter/l
Event: 3.460 Thread 0x00000287b5e9e000 Implicit null exception at 0x00000287c51076f4 to 0x00000287c510bbb4
Event: 3.562 Thread 0x00000287b5e9e000 Exception <a 'java/io/FileNotFoundException'{0x000000070decbbc8}> (0x000000070decbbc8) thrown at [./open/src/hotspot/share/prims/jni.cpp, line 611]
Event: 3.605 Thread 0x00000287b5e9e000 Exception <a 'java/lang/NoSuchMethodError'{0x000000070db00ac8}: java.lang.invoke.DirectMethodHandle$Holder.invokeInterface(Ljava/lang/Object;Ljava/lang/Object;Ljava/lang/Object;Ljava/lang/Object;)I> (0x000000070db00ac8) thrown at [./open/src/hotspot/share
Event: 3.678 Thread 0x00000287b5e9e000 Exception <a 'java/io/FileNotFoundException'{0x000000070d8c9018}> (0x000000070d8c9018) thrown at [./open/src/hotspot/share/prims/jni.cpp, line 611]
Event: 3.858 Thread 0x00000287b5e9e000 Exception <a 'java/lang/NoSuchMethodError'{0x000000070cc51b08}: java.lang.invoke.DirectMethodHandle$Holder.newInvokeSpecial(Ljava/lang/Object;Ljava/lang/Object;Ljava/lang/Object;Ljava/lang/Object;I)Ljava/lang/Object;> (0x000000070cc51b08) thrown at [./ope
Event: 3.866 Thread 0x00000287b5e9e000 Exception <a 'java/lang/NoClassDefFoundError'{0x000000070ccd60e0}: com/sun/jna/Platform> (0x000000070ccd60e0) thrown at [./open/src/hotspot/share/classfile/systemDictionary.cpp, line 215]
Event: 3.929 Thread 0x00000287b5e9e000 Exception <a 'java/lang/NoSuchMethodError'{0x000000070c9eb9c8}: java.lang.invoke.DirectMethodHandle$Holder.invokeStaticInit(Ljava/lang/Object;Ljava/lang/Object;Ljava/lang/Object;Ljava/lang/Object;)Ljava/lang/Object;> (0x000000070c9eb9c8) thrown at [./open
Event: 3.941 Thread 0x00000287b5e9e000 Implicit null exception at 0x00000287c518d213 to 0x00000287c518d40c

Events (10 events):
Event: 4.293 loading class org/hibernate/annotations/common/reflection/java/JavaReflectionManager
Event: 4.293 loading class org/hibernate/annotations/common/reflection/java/JavaReflectionManager done
Event: 4.293 loading class org/hibernate/cfg/annotations/reflection/internal/JPAXMLOverriddenMetadataProvider
Event: 4.293 loading class org/hibernate/cfg/annotations/reflection/internal/JPAXMLOverriddenMetadataProvider done
Event: 4.294 loading class org/hibernate/annotations/common/reflection/AnnotationReader
Event: 4.294 loading class org/hibernate/annotations/common/reflection/AnnotationReader done
Event: 4.294 loading class org/hibernate/annotations/common/reflection/java/JavaMetadataProvider
Event: 4.294 loading class org/hibernate/annotations/common/reflection/java/JavaMetadataProvider done
Event: 4.294 loading class org/hibernate/cfg/annotations/reflection/internal/XMLContext
Event: 4.294 loading class org/hibernate/cfg/annotations/reflection/internal/XMLContext done


Dynamic libraries:
0x00007ff6b2070000 - 0x00007ff6b207f000 	C:\Program Files\Java\jdk-11.0.15\bin\javaw.exe
0x00007ffa97f50000 - 0x00007ffa98148000 	C:\WINDOWS\SYSTEM32\ntdll.dll
0x00007ffa97e50000 - 0x00007ffa97f0d000 	C:\WINDOWS\System32\KERNEL32.DLL
0x00007ffa95b30000 - 0x00007ffa95dfe000 	C:\WINDOWS\System32\KERNELBASE.dll
0x00007ffa95670000 - 0x00007ffa95770000 	C:\WINDOWS\System32\ucrtbase.dll
0x00007ffa85460000 - 0x00007ffa85478000 	C:\Program Files\Java\jdk-11.0.15\bin\jli.dll
0x00007ffa961f0000 - 0x00007ffa9629e000 	C:\WINDOWS\System32\ADVAPI32.dll
0x00007ffa975b0000 - 0x00007ffa9764e000 	C:\WINDOWS\System32\msvcrt.dll
0x00007ffa960d0000 - 0x00007ffa9616c000 	C:\WINDOWS\System32\sechost.dll
0x00007ffa96860000 - 0x00007ffa96985000 	C:\WINDOWS\System32\RPCRT4.dll
0x00007ffa96a70000 - 0x00007ffa96c10000 	C:\WINDOWS\System32\USER32.dll
0x00007ffa95770000 - 0x00007ffa95792000 	C:\WINDOWS\System32\win32u.dll
0x00007ffa96680000 - 0x00007ffa966aa000 	C:\WINDOWS\System32\GDI32.dll
0x00007ffa95e00000 - 0x00007ffa95f0b000 	C:\WINDOWS\System32\gdi32full.dll
0x00007ffa80760000 - 0x00007ffa809fa000 	C:\WINDOWS\WinSxS\amd64_microsoft.windows.common-controls_6595b64144ccf1df_6.0.19041.1110_none_60b5254171f9507e\COMCTL32.dll
0x00007ffa852c0000 - 0x00007ffa852d5000 	C:\Program Files\Java\jdk-11.0.15\bin\VCRUNTIME140.dll
0x00007ffa95f10000 - 0x00007ffa95fad000 	C:\WINDOWS\System32\msvcp_win.dll
0x00007ffa8f100000 - 0x00007ffa8f10a000 	C:\WINDOWS\SYSTEM32\VERSION.dll
0x00007ffa97520000 - 0x00007ffa97550000 	C:\WINDOWS\System32\IMM32.DLL
0x00007ffa705f0000 - 0x00007ffa7068b000 	C:\Program Files\Java\jdk-11.0.15\bin\msvcp140.dll
0x00007ffa568c0000 - 0x00007ffa573d6000 	C:\Program Files\Java\jdk-11.0.15\bin\server\jvm.dll
0x00007ffa962b0000 - 0x00007ffa962b8000 	C:\WINDOWS\System32\PSAPI.DLL
0x00007ffa8c050000 - 0x00007ffa8c077000 	C:\WINDOWS\SYSTEM32\WINMM.dll
0x00007ffa7c270000 - 0x00007ffa7c279000 	C:\WINDOWS\SYSTEM32\WSOCK32.dll
0x00007ffa969f0000 - 0x00007ffa96a5b000 	C:\WINDOWS\System32\WS2_32.dll
0x00007ffa93590000 - 0x00007ffa935a2000 	C:\WINDOWS\SYSTEM32\kernel.appcore.dll
0x00007ffa914f0000 - 0x00007ffa91500000 	C:\Program Files\Java\jdk-11.0.15\bin\verify.dll
0x00007ffa8adb0000 - 0x00007ffa8af94000 	C:\WINDOWS\SYSTEM32\DBGHELP.DLL
0x00007ffa80420000 - 0x00007ffa8044c000 	C:\WINDOWS\SYSTEM32\dbgcore.DLL
0x00007ffa95aa0000 - 0x00007ffa95b22000 	C:\WINDOWS\System32\bcryptPrimitives.dll
0x00007ffa85290000 - 0x00007ffa852b8000 	C:\Program Files\Java\jdk-11.0.15\bin\java.dll
0x00007ffa914c0000 - 0x00007ffa914ca000 	C:\Program Files\Java\jdk-11.0.15\bin\jimage.dll
0x00007ffa85270000 - 0x00007ffa85286000 	C:\Program Files\Java\jdk-11.0.15\bin\zip.dll
0x00007ffa97650000 - 0x00007ffa97d94000 	C:\WINDOWS\System32\SHELL32.dll
0x00007ffa93790000 - 0x00007ffa93f24000 	C:\WINDOWS\SYSTEM32\windows.storage.dll
0x00007ffa96320000 - 0x00007ffa96674000 	C:\WINDOWS\System32\combase.dll
0x00007ffa95080000 - 0x00007ffa950b0000 	C:\WINDOWS\SYSTEM32\Wldp.dll
0x00007ffa96c10000 - 0x00007ffa96cbd000 	C:\WINDOWS\System32\SHCORE.dll
0x00007ffa962c0000 - 0x00007ffa96315000 	C:\WINDOWS\System32\shlwapi.dll
0x00007ffa955b0000 - 0x00007ffa955cf000 	C:\WINDOWS\SYSTEM32\profapi.dll
0x00007ffa85240000 - 0x00007ffa85259000 	C:\Program Files\Java\jdk-11.0.15\bin\net.dll
0x00007ffa8da10000 - 0x00007ffa8db1a000 	C:\WINDOWS\SYSTEM32\WINHTTP.dll
0x00007ffa94dc0000 - 0x00007ffa94e2a000 	C:\WINDOWS\system32\mswsock.dll
0x00007ffa851e0000 - 0x00007ffa851f2000 	C:\Program Files\Java\jdk-11.0.15\bin\nio.dll
0x00007ffa913e0000 - 0x00007ffa913e9000 	C:\Program Files\Java\jdk-11.0.15\bin\management.dll
0x00007ffa85360000 - 0x00007ffa8536b000 	C:\Program Files\Java\jdk-11.0.15\bin\management_ext.dll
0x00007ffa7fc30000 - 0x00007ffa7fc47000 	C:\WINDOWS\system32\napinsp.dll
0x00007ffa7fb10000 - 0x00007ffa7fb2b000 	C:\WINDOWS\system32\pnrpnsp.dll
0x00007ffa80590000 - 0x00007ffa805a5000 	C:\WINDOWS\system32\wshbth.dll
0x00007ffa91250000 - 0x00007ffa9126d000 	C:\WINDOWS\system32\NLAapi.dll
0x00007ffa94a50000 - 0x00007ffa94a8b000 	C:\WINDOWS\SYSTEM32\IPHLPAPI.DLL
0x00007ffa94a90000 - 0x00007ffa94b5b000 	C:\WINDOWS\SYSTEM32\DNSAPI.dll
0x00007ffa962a0000 - 0x00007ffa962a8000 	C:\WINDOWS\System32\NSI.dll
0x00007ffa80a30000 - 0x00007ffa80a42000 	C:\WINDOWS\System32\winrnr.dll
0x00007ffa8dbe0000 - 0x00007ffa8dbea000 	C:\Windows\System32\rasadhlp.dll
0x00007ffa8c8d0000 - 0x00007ffa8c950000 	C:\WINDOWS\System32\fwpuclnt.dll
0x00007ffa958a0000 - 0x00007ffa958c7000 	C:\WINDOWS\System32\bcrypt.dll
0x00007ffa94fb0000 - 0x00007ffa94fc8000 	C:\WINDOWS\SYSTEM32\CRYPTSP.dll
0x00007ffa946e0000 - 0x00007ffa94714000 	C:\WINDOWS\system32\rsaenh.dll
0x00007ffa95570000 - 0x00007ffa9559e000 	C:\WINDOWS\SYSTEM32\USERENV.dll
0x00007ffa94fd0000 - 0x00007ffa94fdc000 	C:\WINDOWS\SYSTEM32\CRYPTBASE.dll
0x00007ffa8fa30000 - 0x00007ffa8fa47000 	C:\WINDOWS\SYSTEM32\dhcpcsvc6.DLL
0x00007ffa8f9a0000 - 0x00007ffa8f9bd000 	C:\WINDOWS\SYSTEM32\dhcpcsvc.DLL
0x00007ffa813e0000 - 0x00007ffa81405000 	C:\Program Files\Java\jdk-11.0.15\bin\sunec.dll
0x00007ffa851b0000 - 0x00007ffa851bd000 	C:\Program Files\Java\jdk-11.0.15\bin\sunmscapi.dll
0x00007ffa95940000 - 0x00007ffa95a96000 	C:\WINDOWS\System32\CRYPT32.dll
0x00007ffa95140000 - 0x00007ffa95167000 	C:\WINDOWS\SYSTEM32\ncrypt.dll
0x00007ffa95100000 - 0x00007ffa9513b000 	C:\WINDOWS\SYSTEM32\NTASN1.dll

dbghelp: loaded successfully - version: 4.0.5 - missing functions: none
symbol engine: initialized successfully - sym options: 0x614 - pdb path: .;C:\Program Files\Java\jdk-11.0.15\bin;C:\WINDOWS\SYSTEM32;C:\WINDOWS\WinSxS\amd64_microsoft.windows.common-controls_6595b64144ccf1df_6.0.19041.1110_none_60b5254171f9507e;C:\Program Files\Java\jdk-11.0.15\bin\server

VM Arguments:
jvm_args: -Dfile.encoding=UTF-8 
java_command: com.videogamescollections.lp.VideogamesCollectionApplication
java_class_path (initial): D:\videogamesindustry\git\repository\VideogamesCollection\target\classes;C:\Users\Luigi\.m2\repository\org\springframework\boot\spring-boot-starter-web\2.7.1\spring-boot-starter-web-2.7.1.jar;C:\Users\Luigi\.m2\repository\org\springframework\boot\spring-boot-starter-json\2.7.1\spring-boot-starter-json-2.7.1.jar;C:\Users\Luigi\.m2\repository\com\fasterxml\jackson\core\jackson-databind\2.13.3\jackson-databind-2.13.3.jar;C:\Users\Luigi\.m2\repository\com\fasterxml\jackson\core\jackson-annotations\2.13.3\jackson-annotations-2.13.3.jar;C:\Users\Luigi\.m2\repository\com\fasterxml\jackson\core\jackson-core\2.13.3\jackson-core-2.13.3.jar;C:\Users\Luigi\.m2\repository\com\fasterxml\jackson\datatype\jackson-datatype-jdk8\2.13.3\jackson-datatype-jdk8-2.13.3.jar;C:\Users\Luigi\.m2\repository\com\fasterxml\jackson\datatype\jackson-datatype-jsr310\2.13.3\jackson-datatype-jsr310-2.13.3.jar;C:\Users\Luigi\.m2\repository\com\fasterxml\jackson\module\jackson-module-parameter-names\2.13.3\jackson-module-parameter-names-2.13.3.jar;C:\Users\Luigi\.m2\repository\org\springframework\boot\spring-boot-starter-tomcat\2.7.1\spring-boot-starter-tomcat-2.7.1.jar;C:\Users\Luigi\.m2\repository\org\apache\tomcat\embed\tomcat-embed-core\9.0.64\tomcat-embed-core-9.0.64.jar;C:\Users\Luigi\.m2\repository\org\apache\tomcat\embed\tomcat-embed-websocket\9.0.64\tomcat-embed-websocket-9.0.64.jar;C:\Users\Luigi\.m2\repository\org\springframework\spring-web\5.3.21\spring-web-5.3.21.jar;C:\Users\Luigi\.m2\repository\org\springframework\spring-beans\5.3.21\spring-beans-5.3.21.jar;C:\Users\Luigi\.m2\repository\org\springframework\spring-webmvc\5.3.21\spring-webmvc-5.3.21.jar;C:\Users\Luigi\.m2\repository\org\springframework\spring-context\5.3.21\spring-context-5.3.21.jar;C:\Users\Luigi\.m2\repository\org\springframework\spring-expression\5.3.21\spring-expression-5.3.21.jar;C:\Users\Luigi\.m2\repository\jakarta\xml\bind\jakarta.xml.bind-api\2.3.3\jakarta.xml.bind-api-2.3.3.jar;C:\Use
Launcher Type: SUN_STANDARD

[Global flags]
     intx CICompilerCount                          = 4                                         {product} {ergonomic}
     uint ConcGCThreads                            = 2                                         {product} {ergonomic}
     uint G1ConcRefinementThreads                  = 8                                         {product} {ergonomic}
   size_t G1HeapRegionSize                         = 1048576                                   {product} {ergonomic}
    uintx GCDrainStackTargetSize                   = 64                                        {product} {ergonomic}
   size_t InitialHeapSize                          = 268435456                                 {product} {ergonomic}
   size_t MarkStackSize                            = 4194304                                   {product} {ergonomic}
   size_t MaxHeapSize                              = 4282384384                                {product} {ergonomic}
   size_t MaxNewSize                               = 2569011200                                {product} {ergonomic}
   size_t MinHeapDeltaBytes                        = 1048576                                   {product} {ergonomic}
    uintx NonNMethodCodeHeapSize                   = 5836300                                {pd product} {ergonomic}
    uintx NonProfiledCodeHeapSize                  = 122910970                              {pd product} {ergonomic}
    uintx ProfiledCodeHeapSize                     = 122910970                              {pd product} {ergonomic}
    uintx ReservedCodeCacheSize                    = 251658240                              {pd product} {ergonomic}
     bool SegmentedCodeCache                       = true                                      {product} {ergonomic}
     bool UseCompressedClassPointers               = true                                 {lp64_product} {ergonomic}
     bool UseCompressedOops                        = true                                 {lp64_product} {ergonomic}
     bool UseG1GC                                  = true                                      {product} {ergonomic}
     bool UseLargePagesIndividualAllocation        = false                                  {pd product} {ergonomic}

Logging:
Log output configuration:
 #0: stdout all=warning uptime,level,tags
 #1: stderr all=off uptime,level,tags

Environment Variables:
PATH=C:/Users/Luigi/Downloads/spring-tool-suite-4-4.15.1.RELEASE-e4.24.0-win32.win32.x86_64.self-extracting(1)/contents/sts-4.15.1.RELEASE//plugins/org.eclipse.justj.openjdk.hotspot.jre.full.win32.x86_64_18.0.1.v20220515-1614/jre/bin/server;C:/Users/Luigi/Downloads/spring-tool-suite-4-4.15.1.RELEASE-e4.24.0-win32.win32.x86_64.self-extracting(1)/contents/sts-4.15.1.RELEASE//plugins/org.eclipse.justj.openjdk.hotspot.jre.full.win32.x86_64_18.0.1.v20220515-1614/jre/bin;C:\Python310\Scripts\;C:\Python310\;C:\Program Files\Common Files\Oracle\Java\javapath;C:\Python38\Scripts\;C:\Python38\;C:\Program Files (x86)\Razer Chroma SDK\bin;C:\Program Files\Razer Chroma SDK\bin;C:\Program Files (x86)\Razer\ChromaBroadcast\bin;C:\Program Files\Razer\ChromaBroadcast\bin;C:\ProgramData\Oracle\Java\javapath;C:\Windows\system32;C:\Windows;C:\Windows\System32\Wbem;C:\Windows\System32\WindowsPowerShell\v1.0\;C:\Program Files (x86)\NVIDIA Corporation\PhysX\Common;C:\WINDOWS\system32;C:\WINDOWS;C:\WINDOWS\System32\Wbem;C:\WINDOWS\System32\WindowsPowerShell\v1.0\;C:\Android;D:\Program Files\Git\cmd;C:\WINDOWS\System32\OpenSSH\;C:\Users\Luigi\AppData\Local\Microsoft\WindowsApps;C:\Program Files\NVIDIA Corporation\NVIDIA NvDLISR;C:\WINDOWS\system32\config\systemprofile\AppData\Local\Microsoft\WindowsApps;C:\WINDOWS\system32;C:\WINDOWS;C:\WINDOWS\System32\Wbem;C:\WINDOWS\System32\WindowsPowerShell\v1.0\;C:\WINDOWS\System32\OpenSSH\;C:\ProgramData\chocolatey\bin;C:\Program Files\PuTTY\;D:\Program Files\nodejs\;C:\Users\Luigi\AppData\Local\Microsoft\WindowsApps;D:\Users\Luigi\AppData\Local\Programs\Microsoft VS Code\bin;C:\Users\Luigi\AppData\Roaming\npm;C:\Users\Luigi\Downloads\spring-tool-suite-4-4.15.1.RELEASE-e4.24.0-win32.win32.x86_64.self-extracting(1)\contents\sts-4.15.1.RELEASE;
USERNAME=Luigi
OS=Windows_NT
PROCESSOR_IDENTIFIER=Intel64 Family 6 Model 60 Stepping 3, GenuineIntel



---------------  S Y S T E M  ---------------

OS: Windows 10 , 64 bit Build 19041 (10.0.19041.1806)

CPU:total 8 (initial active 8) (4 cores per cpu, 2 threads per core) family 6 model 60 stepping 3 microcode 0x27, cmov, cx8, fxsr, mmx, sse, sse2, sse3, ssse3, sse4.1, sse4.2, popcnt, avx, avx2, aes, clmul, erms, lzcnt, ht, tsc, tscinvbit, bmi1, bmi2, fma

Memory: 4k page, system-wide physical 16332M (2195M free)
TotalPageFile size 43029M (AvailPageFile size 18M)
current process WorkingSet (physical memory assigned to process): 289M, peak: 304M
current process commit charge ("private bytes"): 482M, peak: 498M

vm_info: Java HotSpot(TM) 64-Bit Server VM (11.0.15+8-LTS-149) for windows-amd64 JRE (11.0.15+8-LTS-149), built on Mar  9 2022 22:42:32 by "mach5one" with MS VC++ 15.9 (VS2017)

END.
