#
# There is insufficient memory for the Java Runtime Environment to continue.
# Native memory allocation (mmap) failed to map 268435456 bytes for Failed to commit area from 0x0000000700c00000 to 0x0000000710c00000 of length 268435456.
# Possible reasons:
#   The system is out of physical RAM or swap space
#   The process is running with CompressedOops enabled, and the Java Heap may be blocking the growth of the native heap
# Possible solutions:
#   Reduce memory load on the system
#   Increase physical memory or swap space
#   Check if swap backing store is full
#   Decrease Java heap size (-Xmx/-Xms)
#   Decrease number of Java threads
#   Decrease Java thread stack sizes (-Xss)
#   Set larger code cache with -XX:ReservedCodeCacheSize=
# This output file may be truncated or incomplete.
#
#  Out of Memory Error (./open/src/hotspot/os/windows/os_windows.cpp:3287), pid=44444, tid=40716
#
# JRE version:  (11.0.15+8) (build )
# Java VM: Java HotSpot(TM) 64-Bit Server VM (11.0.15+8-LTS-149, mixed mode, sharing, tiered, compressed oops, g1 gc, windows-amd64)
# No core dump will be written. Minidumps are not enabled by default on client versions of Windows
#

---------------  S U M M A R Y ------------

Command Line: -Dfile.encoding=UTF-8 com.videogamescollections.lp.VideogamesCollectionApplication

Host: Intel(R) Core(TM) i7-4790K CPU @ 4.00GHz, 8 cores, 15G,  Windows 10 , 64 bit Build 19041 (10.0.19041.1806)
Time: Mon Jul 25 18:21:08 2022 ora legale Europa occidentale elapsed time: 0.013963 seconds (0d 0h 0m 0s)

---------------  T H R E A D  ---------------

Current thread (0x0000019055bfc000):  JavaThread "Unknown thread" [_thread_in_vm, id=40716, stack(0x0000005da3200000,0x0000005da3300000)]

Stack: [0x0000005da3200000,0x0000005da3300000]
Native frames: (J=compiled Java code, j=interpreted, Vv=VM code, C=native code)
V  [jvm.dll+0x629d8a]
V  [jvm.dll+0x7638ff]
V  [jvm.dll+0x764fa9]
V  [jvm.dll+0x765633]
V  [jvm.dll+0x23d9c8]
V  [jvm.dll+0x6270aa]
V  [jvm.dll+0x61be35]
V  [jvm.dll+0x2f27dc]
V  [jvm.dll+0x2f2662]
V  [jvm.dll+0x2f7386]
V  [jvm.dll+0x339d8f]
V  [jvm.dll+0x3397c0]
V  [jvm.dll+0x2cfdf8]
V  [jvm.dll+0x2d0f66]
V  [jvm.dll+0x73df07]
V  [jvm.dll+0x73f79f]
V  [jvm.dll+0x346ab9]
V  [jvm.dll+0x723810]
V  [jvm.dll+0x3b56cf]
V  [jvm.dll+0x3b77e1]
C  [jli.dll+0x5207]
C  [ucrtbase.dll+0x21bb2]
C  [KERNEL32.DLL+0x17034]
C  [ntdll.dll+0x52651]


---------------  P R O C E S S  ---------------

Threads class SMR info:
_java_thread_list=0x0000019053b3cb40, length=0, elements={
}

Java Threads: ( => current thread )

Other Threads:
  0x0000019055c10800 GCTaskThread "GC Thread#0" [stack: 0x0000005da3300000,0x0000005da3400000] [id=43524]
  0x0000019055c6d800 ConcurrentGCThread "G1 Main Marker" [stack: 0x0000005da3400000,0x0000005da3500000] [id=45320]
  0x0000019055c6f000 ConcurrentGCThread "G1 Conc#0" [stack: 0x0000005da3500000,0x0000005da3600000] [id=44652]

[error occurred during error reporting (printing all threads), id 0xc0000005, EXCEPTION_ACCESS_VIOLATION (0xc0000005) at pc=0x00007ffa56b9f087]

VM state:not at safepoint (not fully initialized)

VM Mutex/Monitor currently owned by a thread:  ([mutex/lock_event])
[0x0000019055bf6390] Heap_lock - owner thread: 0x0000019055bfc000

Heap address: 0x0000000700c00000, size: 4084 MB, Compressed Oops mode: Non-zero based: 0x0000000700c00000
Narrow klass base: 0x0000000000000000, Narrow klass shift: 0

GC Heap History (0 events):
No events

Deoptimization events (0 events):
No events

Classes redefined (0 events):
No events

Internal exceptions (0 events):
No events

Events (0 events):
No events


Dynamic libraries:
0x00007ff6b2070000 - 0x00007ff6b207f000 	C:\Program Files\Java\jdk-11.0.15\bin\javaw.exe
0x00007ffa97f50000 - 0x00007ffa98148000 	C:\WINDOWS\SYSTEM32\ntdll.dll
0x00007ffa97e50000 - 0x00007ffa97f0d000 	C:\WINDOWS\System32\KERNEL32.DLL
0x00007ffa95b30000 - 0x00007ffa95dfe000 	C:\WINDOWS\System32\KERNELBASE.dll
0x00007ffa95670000 - 0x00007ffa95770000 	C:\WINDOWS\System32\ucrtbase.dll
0x00007ffa852c0000 - 0x00007ffa852d5000 	C:\Program Files\Java\jdk-11.0.15\bin\VCRUNTIME140.dll
0x00007ffa85460000 - 0x00007ffa85478000 	C:\Program Files\Java\jdk-11.0.15\bin\jli.dll
0x00007ffa961f0000 - 0x00007ffa9629e000 	C:\WINDOWS\System32\ADVAPI32.dll
0x00007ffa975b0000 - 0x00007ffa9764e000 	C:\WINDOWS\System32\msvcrt.dll
0x00007ffa960d0000 - 0x00007ffa9616c000 	C:\WINDOWS\System32\sechost.dll
0x00007ffa96860000 - 0x00007ffa96985000 	C:\WINDOWS\System32\RPCRT4.dll
0x00007ffa96a70000 - 0x00007ffa96c10000 	C:\WINDOWS\System32\USER32.dll
0x00007ffa95770000 - 0x00007ffa95792000 	C:\WINDOWS\System32\win32u.dll
0x00007ffa96680000 - 0x00007ffa966aa000 	C:\WINDOWS\System32\GDI32.dll
0x00007ffa95e00000 - 0x00007ffa95f0b000 	C:\WINDOWS\System32\gdi32full.dll
0x00007ffa95f10000 - 0x00007ffa95fad000 	C:\WINDOWS\System32\msvcp_win.dll
0x00007ffa8f100000 - 0x00007ffa8f10a000 	C:\WINDOWS\SYSTEM32\VERSION.dll
0x00007ffa80760000 - 0x00007ffa809fa000 	C:\WINDOWS\WinSxS\amd64_microsoft.windows.common-controls_6595b64144ccf1df_6.0.19041.1110_none_60b5254171f9507e\COMCTL32.dll
0x00007ffa97520000 - 0x00007ffa97550000 	C:\WINDOWS\System32\IMM32.DLL
0x00007ffa705f0000 - 0x00007ffa7068b000 	C:\Program Files\Java\jdk-11.0.15\bin\msvcp140.dll
0x00007ffa568c0000 - 0x00007ffa573d6000 	C:\Program Files\Java\jdk-11.0.15\bin\server\jvm.dll
0x00007ffa962b0000 - 0x00007ffa962b8000 	C:\WINDOWS\System32\PSAPI.DLL
0x00007ffa8c050000 - 0x00007ffa8c077000 	C:\WINDOWS\SYSTEM32\WINMM.dll
0x00007ffa7c270000 - 0x00007ffa7c279000 	C:\WINDOWS\SYSTEM32\WSOCK32.dll
0x00007ffa969f0000 - 0x00007ffa96a5b000 	C:\WINDOWS\System32\WS2_32.dll
0x00007ffa93590000 - 0x00007ffa935a2000 	C:\WINDOWS\SYSTEM32\kernel.appcore.dll
0x00007ffa914f0000 - 0x00007ffa91500000 	C:\Program Files\Java\jdk-11.0.15\bin\verify.dll
0x00007ffa8adb0000 - 0x00007ffa8af94000 	C:\WINDOWS\SYSTEM32\DBGHELP.DLL
0x00007ffa80420000 - 0x00007ffa8044c000 	C:\WINDOWS\SYSTEM32\dbgcore.DLL
0x00007ffa95aa0000 - 0x00007ffa95b22000 	C:\WINDOWS\System32\bcryptPrimitives.dll
0x00007ffa85290000 - 0x00007ffa852b8000 	C:\Program Files\Java\jdk-11.0.15\bin\java.dll
0x00007ffa914c0000 - 0x00007ffa914ca000 	C:\Program Files\Java\jdk-11.0.15\bin\jimage.dll
0x00007ffa85270000 - 0x00007ffa85286000 	C:\Program Files\Java\jdk-11.0.15\bin\zip.dll

dbghelp: loaded successfully - version: 4.0.5 - missing functions: none
symbol engine: initialized successfully - sym options: 0x614 - pdb path: .;C:\Program Files\Java\jdk-11.0.15\bin;C:\WINDOWS\SYSTEM32;C:\WINDOWS\WinSxS\amd64_microsoft.windows.common-controls_6595b64144ccf1df_6.0.19041.1110_none_60b5254171f9507e;C:\Program Files\Java\jdk-11.0.15\bin\server

VM Arguments:
jvm_args: -Dfile.encoding=UTF-8 
java_command: com.videogamescollections.lp.VideogamesCollectionApplication
java_class_path (initial): D:\videogamesindustry\git\repository\VideogamesCollection\target\classes;C:\Users\Luigi\.m2\repository\org\springframework\boot\spring-boot-starter-web\2.7.1\spring-boot-starter-web-2.7.1.jar;C:\Users\Luigi\.m2\repository\org\springframework\boot\spring-boot-starter-json\2.7.1\spring-boot-starter-json-2.7.1.jar;C:\Users\Luigi\.m2\repository\com\fasterxml\jackson\core\jackson-databind\2.13.3\jackson-databind-2.13.3.jar;C:\Users\Luigi\.m2\repository\com\fasterxml\jackson\core\jackson-annotations\2.13.3\jackson-annotations-2.13.3.jar;C:\Users\Luigi\.m2\repository\com\fasterxml\jackson\core\jackson-core\2.13.3\jackson-core-2.13.3.jar;C:\Users\Luigi\.m2\repository\com\fasterxml\jackson\datatype\jackson-datatype-jdk8\2.13.3\jackson-datatype-jdk8-2.13.3.jar;C:\Users\Luigi\.m2\repository\com\fasterxml\jackson\datatype\jackson-datatype-jsr310\2.13.3\jackson-datatype-jsr310-2.13.3.jar;C:\Users\Luigi\.m2\repository\com\fasterxml\jackson\module\jackson-module-parameter-names\2.13.3\jackson-module-parameter-names-2.13.3.jar;C:\Users\Luigi\.m2\repository\org\springframework\boot\spring-boot-starter-tomcat\2.7.1\spring-boot-starter-tomcat-2.7.1.jar;C:\Users\Luigi\.m2\repository\org\apache\tomcat\embed\tomcat-embed-core\9.0.64\tomcat-embed-core-9.0.64.jar;C:\Users\Luigi\.m2\repository\org\apache\tomcat\embed\tomcat-embed-websocket\9.0.64\tomcat-embed-websocket-9.0.64.jar;C:\Users\Luigi\.m2\repository\org\springframework\spring-web\5.3.21\spring-web-5.3.21.jar;C:\Users\Luigi\.m2\repository\org\springframework\spring-beans\5.3.21\spring-beans-5.3.21.jar;C:\Users\Luigi\.m2\repository\org\springframework\spring-webmvc\5.3.21\spring-webmvc-5.3.21.jar;C:\Users\Luigi\.m2\repository\org\springframework\spring-context\5.3.21\spring-context-5.3.21.jar;C:\Users\Luigi\.m2\repository\org\springframework\spring-expression\5.3.21\spring-expression-5.3.21.jar;C:\Users\Luigi\.m2\repository\jakarta\xml\bind\jakarta.xml.bind-api\2.3.3\jakarta.xml.bind-api-2.3.3.jar;C:\Use
Launcher Type: SUN_STANDARD

[Global flags]
     intx CICompilerCount                          = 4                                         {product} {ergonomic}
     uint ConcGCThreads                            = 2                                         {product} {ergonomic}
     uint G1ConcRefinementThreads                  = 8                                         {product} {ergonomic}
   size_t G1HeapRegionSize                         = 1048576                                   {product} {ergonomic}
    uintx GCDrainStackTargetSize                   = 64                                        {product} {ergonomic}
   size_t InitialHeapSize                          = 268435456                                 {product} {ergonomic}
   size_t MarkStackSize                            = 4194304                                   {product} {ergonomic}
   size_t MaxHeapSize                              = 4282384384                                {product} {ergonomic}
   size_t MinHeapDeltaBytes                        = 1048576                                   {product} {ergonomic}
    uintx NonNMethodCodeHeapSize                   = 5836300                                {pd product} {ergonomic}
    uintx NonProfiledCodeHeapSize                  = 122910970                              {pd product} {ergonomic}
    uintx ProfiledCodeHeapSize                     = 122910970                              {pd product} {ergonomic}
    uintx ReservedCodeCacheSize                    = 251658240                              {pd product} {ergonomic}
     bool SegmentedCodeCache                       = true                                      {product} {ergonomic}
     bool UseCompressedClassPointers               = true                                 {lp64_product} {ergonomic}
     bool UseCompressedOops                        = true                                 {lp64_product} {ergonomic}
     bool UseG1GC                                  = true                                      {product} {ergonomic}
     bool UseLargePagesIndividualAllocation        = false                                  {pd product} {ergonomic}

Logging:
Log output configuration:
 #0: stdout all=warning uptime,level,tags
 #1: stderr all=off uptime,level,tags

Environment Variables:
PATH=C:/Users/Luigi/Downloads/spring-tool-suite-4-4.15.1.RELEASE-e4.24.0-win32.win32.x86_64.self-extracting(1)/contents/sts-4.15.1.RELEASE//plugins/org.eclipse.justj.openjdk.hotspot.jre.full.win32.x86_64_18.0.1.v20220515-1614/jre/bin/server;C:/Users/Luigi/Downloads/spring-tool-suite-4-4.15.1.RELEASE-e4.24.0-win32.win32.x86_64.self-extracting(1)/contents/sts-4.15.1.RELEASE//plugins/org.eclipse.justj.openjdk.hotspot.jre.full.win32.x86_64_18.0.1.v20220515-1614/jre/bin;C:\Python310\Scripts\;C:\Python310\;C:\Program Files\Common Files\Oracle\Java\javapath;C:\Python38\Scripts\;C:\Python38\;C:\Program Files (x86)\Razer Chroma SDK\bin;C:\Program Files\Razer Chroma SDK\bin;C:\Program Files (x86)\Razer\ChromaBroadcast\bin;C:\Program Files\Razer\ChromaBroadcast\bin;C:\ProgramData\Oracle\Java\javapath;C:\Windows\system32;C:\Windows;C:\Windows\System32\Wbem;C:\Windows\System32\WindowsPowerShell\v1.0\;C:\Program Files (x86)\NVIDIA Corporation\PhysX\Common;C:\WINDOWS\system32;C:\WINDOWS;C:\WINDOWS\System32\Wbem;C:\WINDOWS\System32\WindowsPowerShell\v1.0\;C:\Android;D:\Program Files\Git\cmd;C:\WINDOWS\System32\OpenSSH\;C:\Users\Luigi\AppData\Local\Microsoft\WindowsApps;C:\Program Files\NVIDIA Corporation\NVIDIA NvDLISR;C:\WINDOWS\system32\config\systemprofile\AppData\Local\Microsoft\WindowsApps;C:\WINDOWS\system32;C:\WINDOWS;C:\WINDOWS\System32\Wbem;C:\WINDOWS\System32\WindowsPowerShell\v1.0\;C:\WINDOWS\System32\OpenSSH\;C:\ProgramData\chocolatey\bin;C:\Program Files\PuTTY\;D:\Program Files\nodejs\;C:\Users\Luigi\AppData\Local\Microsoft\WindowsApps;D:\Users\Luigi\AppData\Local\Programs\Microsoft VS Code\bin;C:\Users\Luigi\AppData\Roaming\npm;C:\Users\Luigi\Downloads\spring-tool-suite-4-4.15.1.RELEASE-e4.24.0-win32.win32.x86_64.self-extracting(1)\contents\sts-4.15.1.RELEASE;
USERNAME=Luigi
OS=Windows_NT
PROCESSOR_IDENTIFIER=Intel64 Family 6 Model 60 Stepping 3, GenuineIntel



---------------  S Y S T E M  ---------------

OS: Windows 10 , 64 bit Build 19041 (10.0.19041.1806)

CPU:total 8 (initial active 8) (4 cores per cpu, 2 threads per core) family 6 model 60 stepping 3 microcode 0x27, cmov, cx8, fxsr, mmx, sse, sse2, sse3, ssse3, sse4.1, sse4.2, popcnt, avx, avx2, aes, clmul, erms, lzcnt, ht, tsc, tscinvbit, bmi1, bmi2, fma

Memory: 4k page, system-wide physical 16332M (2443M free)
TotalPageFile size 43029M (AvailPageFile size 107M)
current process WorkingSet (physical memory assigned to process): 10M, peak: 10M
current process commit charge ("private bytes"): 60M, peak: 316M

vm_info: Java HotSpot(TM) 64-Bit Server VM (11.0.15+8-LTS-149) for windows-amd64 JRE (11.0.15+8-LTS-149), built on Mar  9 2022 22:42:32 by "mach5one" with MS VC++ 15.9 (VS2017)

END.
